[      17ms] [LOG] [rss-source] channelId resolution {mentorName: Oliver Velez Trading, fromSourceUrl: —, fromMentorField: UCmD96zZeKnYof2jO1ON6acA, resolved: UCmD96zZeKnYof2jO1ON6acA, sourceUrl: —} @ http://localhost:5174/src/services/rssIngestion.js:302
[      17ms] [LOG] [rss] fetching {channelName: Oliver Velez Trading, channelId: UCmD96zZeKnYof2jO1ON6acA, rssUrl: https://www.youtube.com/feeds/videos.xml?channel_id=UCmD96zZeKnYof2jO1ON6acA} @ http://localhost:5174/src/services/rssIngestion.js:152
[     141ms] [INFO] %cDownload the React DevTools for a better development experience: https://reactjs.org/link/react-devtools font-weight:bold @ http://localhost:5174/node_modules/.vite/deps/chunk-H343HIDT.js?v=d188bb89:21608
[     184ms] [LOG] [chapters-debug] {videoPropId: undefined, videoId: undefined, aiChapters: 0, chaptersCount: 0} @ http://localhost:5174/src/components/dashboard/VideoDetailPanel.jsx?t=1779802518271:1856
[     185ms] [LOG] [political-chapters] rendered chapters count 0 source none videoId undefined @ http://localhost:5174/src/components/dashboard/VideoDetailPanel.jsx?t=1779802518271:1871
[     191ms] [INFO] [useVideos] local-first — 103 videos from storage @ http://localhost:5174/src/hooks/useVideos.js:26
[     342ms] [LOG] [rss-source] channelId resolution {mentorName: Micha.Stocks, fromSourceUrl: —, fromMentorField: UCSxjNbPriyBh9RNl_QNSAtw, resolved: UCSxjNbPriyBh9RNl_QNSAtw, sourceUrl: —} @ http://localhost:5174/src/services/rssIngestion.js:302
[     347ms] [LOG] [rss] fetching {channelName: Micha.Stocks, channelId: UCSxjNbPriyBh9RNl_QNSAtw, rssUrl: https://www.youtube.com/feeds/videos.xml?channel_id=UCSxjNbPriyBh9RNl_QNSAtw} @ http://localhost:5174/src/services/rssIngestion.js:152
[     749ms] [LOG] [rss] success (proxy) {channelName: Micha.Stocks, channelId: UCSxjNbPriyBh9RNl_QNSAtw} @ http://localhost:5174/src/services/rssIngestion.js:184
[     751ms] [LOG] [rss] success {mentorName: Micha.Stocks, videosCount: 5, topicIds: Array(3)} @ http://localhost:5174/src/services/rssIngestion.js:324
[    1751ms] [LOG] [rss-source] channelId resolution {mentorName: בורסה גרף, fromSourceUrl: —, fromMentorField: UCrQmXSenNhePSOiCTdnhwRg, resolved: UCrQmXSenNhePSOiCTdnhwRg, sourceUrl: —} @ http://localhost:5174/src/services/rssIngestion.js:302
[    1751ms] [LOG] [rss] fetching {channelName: בורסה גרף, channelId: UCrQmXSenNhePSOiCTdnhwRg, rssUrl: https://www.youtube.com/feeds/videos.xml?channel_id=UCrQmXSenNhePSOiCTdnhwRg} @ http://localhost:5174/src/services/rssIngestion.js:152
[    1753ms] [LOG] [rss] success (proxy) {channelName: בורסה גרף, channelId: UCrQmXSenNhePSOiCTdnhwRg} @ http://localhost:5174/src/services/rssIngestion.js:184
[    1754ms] [LOG] [rss] success {mentorName: בורסה גרף, videosCount: 5, topicIds: Array(2)} @ http://localhost:5174/src/services/rssIngestion.js:324
[    2864ms] [LOG] [rss-source] channelId resolution {mentorName: The Hasidic Trader, fromSourceUrl: —, fromMentorField: UCSB4SNRWhbemGAJ4wfeKj2Q, resolved: UCSB4SNRWhbemGAJ4wfeKj2Q, sourceUrl: —} @ http://localhost:5174/src/services/rssIngestion.js:302
[    2865ms] [LOG] [rss] fetching {channelName: The Hasidic Trader, channelId: UCSB4SNRWhbemGAJ4wfeKj2Q, rssUrl: https://www.youtube.com/feeds/videos.xml?channel_id=UCSB4SNRWhbemGAJ4wfeKj2Q} @ http://localhost:5174/src/services/rssIngestion.js:152
[    2866ms] [LOG] [rss] success (proxy) {channelName: The Hasidic Trader, channelId: UCSB4SNRWhbemGAJ4wfeKj2Q} @ http://localhost:5174/src/services/rssIngestion.js:184
[    2867ms] [LOG] [rss] success {mentorName: The Hasidic Trader, videosCount: 5, topicIds: Array(2)} @ http://localhost:5174/src/services/rssIngestion.js:324
[    3742ms] [LOG] [rss-source] channelId resolution {mentorName: Oliver Velez Trading, fromSourceUrl: —, fromMentorField: UCmD96zZeKnYof2jO1ON6acA, resolved: UCmD96zZeKnYof2jO1ON6acA, sourceUrl: —} @ http://localhost:5174/src/services/rssIngestion.js:302
[    3743ms] [LOG] [rss] fetching {channelName: Oliver Velez Trading, channelId: UCmD96zZeKnYof2jO1ON6acA, rssUrl: https://www.youtube.com/feeds/videos.xml?channel_id=UCmD96zZeKnYof2jO1ON6acA} @ http://localhost:5174/src/services/rssIngestion.js:152
[    3891ms] [LOG] [rss] success (proxy) {channelName: Oliver Velez Trading, channelId: UCmD96zZeKnYof2jO1ON6acA} @ http://localhost:5174/src/services/rssIngestion.js:184
[    3892ms] [LOG] [rss] success {mentorName: Oliver Velez Trading, videosCount: 5, topicIds: Array(2)} @ http://localhost:5174/src/services/rssIngestion.js:324
[    4805ms] [LOG] [rss-source] channelId resolution {mentorName: Dor Amir Trading, fromSourceUrl: —, fromMentorField: UCSyPOk83lhOXoGcT2vUNhdw, resolved: UCSyPOk83lhOXoGcT2vUNhdw, sourceUrl: —} @ http://localhost:5174/src/services/rssIngestion.js:302
[    4806ms] [LOG] [rss] fetching {channelName: Dor Amir Trading, channelId: UCSyPOk83lhOXoGcT2vUNhdw, rssUrl: https://www.youtube.com/feeds/videos.xml?channel_id=UCSyPOk83lhOXoGcT2vUNhdw} @ http://localhost:5174/src/services/rssIngestion.js:152
[    5014ms] [LOG] [rss] success (proxy) {channelName: Dor Amir Trading, channelId: UCSyPOk83lhOXoGcT2vUNhdw} @ http://localhost:5174/src/services/rssIngestion.js:184
[    5016ms] [LOG] [rss] success {mentorName: Dor Amir Trading, videosCount: 5, topicIds: Array(2)} @ http://localhost:5174/src/services/rssIngestion.js:324
[    6002ms] [LOG] [rss-source] channelId resolution {mentorName: Eyal Shani, fromSourceUrl: —, fromMentorField: UCNVcbJ6pxGEWGuoGopK83sQ, resolved: UCNVcbJ6pxGEWGuoGopK83sQ, sourceUrl: —} @ http://localhost:5174/src/services/rssIngestion.js:302
[    6002ms] [LOG] [rss] fetching {channelName: Eyal Shani, channelId: UCNVcbJ6pxGEWGuoGopK83sQ, rssUrl: https://www.youtube.com/feeds/videos.xml?channel_id=UCNVcbJ6pxGEWGuoGopK83sQ} @ http://localhost:5174/src/services/rssIngestion.js:152
[    6156ms] [LOG] [rss] success (proxy) {channelName: Eyal Shani, channelId: UCNVcbJ6pxGEWGuoGopK83sQ} @ http://localhost:5174/src/services/rssIngestion.js:184
[    6157ms] [LOG] [rss] success {mentorName: Eyal Shani, videosCount: 4, topicIds: Array(2)} @ http://localhost:5174/src/services/rssIngestion.js:324
[    7021ms] [LOG] [rss-source] channelId resolution {mentorName: Wysetrade, fromSourceUrl: —, fromMentorField: UC32oVb-nfyRBNlWzUw3dC5Q, resolved: UC32oVb-nfyRBNlWzUw3dC5Q, sourceUrl: —} @ http://localhost:5174/src/services/rssIngestion.js:302
[    7021ms] [LOG] [rss] fetching {channelName: Wysetrade, channelId: UC32oVb-nfyRBNlWzUw3dC5Q, rssUrl: https://www.youtube.com/feeds/videos.xml?channel_id=UC32oVb-nfyRBNlWzUw3dC5Q} @ http://localhost:5174/src/services/rssIngestion.js:152
[    7146ms] [LOG] [rss] success (proxy) {channelName: Wysetrade, channelId: UC32oVb-nfyRBNlWzUw3dC5Q} @ http://localhost:5174/src/services/rssIngestion.js:184
[    7147ms] [LOG] [rss] success {mentorName: Wysetrade, videosCount: 5, topicIds: Array(2)} @ http://localhost:5174/src/services/rssIngestion.js:324
[    8102ms] [LOG] [rss-source] channelId resolution {mentorName: Ed Hill AI Automation, fromSourceUrl: —, fromMentorField: UC5_2We-HeVdEeHcIyfmMHOg, resolved: UC5_2We-HeVdEeHcIyfmMHOg, sourceUrl: —} @ http://localhost:5174/src/services/rssIngestion.js:302
[    8102ms] [LOG] [rss] fetching {channelName: Ed Hill AI Automation, channelId: UC5_2We-HeVdEeHcIyfmMHOg, rssUrl: https://www.youtube.com/feeds/videos.xml?channel_id=UC5_2We-HeVdEeHcIyfmMHOg} @ http://localhost:5174/src/services/rssIngestion.js:152
[    8267ms] [LOG] [rss] success (proxy) {channelName: Ed Hill AI Automation, channelId: UC5_2We-HeVdEeHcIyfmMHOg} @ http://localhost:5174/src/services/rssIngestion.js:184
[    8268ms] [LOG] [rss] success {mentorName: Ed Hill AI Automation, videosCount: 5, topicIds: Array(2)} @ http://localhost:5174/src/services/rssIngestion.js:324
[    9181ms] [LOG] [rss-source] channelId resolution {mentorName: Automation-Tribe, fromSourceUrl: —, fromMentorField: UCFkwdS-osDYKdz4TCe7XIXA, resolved: UCFkwdS-osDYKdz4TCe7XIXA, sourceUrl: —} @ http://localhost:5174/src/services/rssIngestion.js:302
[    9181ms] [LOG] [rss] fetching {channelName: Automation-Tribe, channelId: UCFkwdS-osDYKdz4TCe7XIXA, rssUrl: https://www.youtube.com/feeds/videos.xml?channel_id=UCFkwdS-osDYKdz4TCe7XIXA} @ http://localhost:5174/src/services/rssIngestion.js:152
[    9281ms] [LOG] [rss] success (proxy) {channelName: Automation-Tribe, channelId: UCFkwdS-osDYKdz4TCe7XIXA} @ http://localhost:5174/src/services/rssIngestion.js:184
[    9282ms] [LOG] [rss] success {mentorName: Automation-Tribe, videosCount: 0, topicIds: Array(2)} @ http://localhost:5174/src/services/rssIngestion.js:324
[    9286ms] [LOG] [rss-source] channelId resolution {mentorName: AI Andy, fromSourceUrl: —, fromMentorField: UCCQfwUJOOBLF5R9xbFeIFcg, resolved: UCCQfwUJOOBLF5R9xbFeIFcg, sourceUrl: —} @ http://localhost:5174/src/services/rssIngestion.js:302
[    9287ms] [LOG] [rss] fetching {channelName: AI Andy, channelId: UCCQfwUJOOBLF5R9xbFeIFcg, rssUrl: https://www.youtube.com/feeds/videos.xml?channel_id=UCCQfwUJOOBLF5R9xbFeIFcg} @ http://localhost:5174/src/services/rssIngestion.js:152
[    9634ms] [LOG] [rss] success (proxy) {channelName: AI Andy, channelId: UCCQfwUJOOBLF5R9xbFeIFcg} @ http://localhost:5174/src/services/rssIngestion.js:184
[    9634ms] [LOG] [rss] success {mentorName: AI Andy, videosCount: 5, topicIds: Array(2)} @ http://localhost:5174/src/services/rssIngestion.js:324
[   10710ms] [LOG] [rss-source] channelId resolution {mentorName: Aimprove - אימפרוב, fromSourceUrl: —, fromMentorField: UCfnihhol5a4Qc2EciLf5kOQ, resolved: UCfnihhol5a4Qc2EciLf5kOQ, sourceUrl: —} @ http://localhost:5174/src/services/rssIngestion.js:302
[   10710ms] [LOG] [rss] fetching {channelName: Aimprove - אימפרוב, channelId: UCfnihhol5a4Qc2EciLf5kOQ, rssUrl: https://www.youtube.com/feeds/videos.xml?channel_id=UCfnihhol5a4Qc2EciLf5kOQ} @ http://localhost:5174/src/services/rssIngestion.js:152
[   10878ms] [LOG] [rss] success (proxy) {channelName: Aimprove - אימפרוב, channelId: UCfnihhol5a4Qc2EciLf5kOQ} @ http://localhost:5174/src/services/rssIngestion.js:184
[   10880ms] [LOG] [rss] success {mentorName: Aimprove - אימפרוב, videosCount: 5, topicIds: Array(1)} @ http://localhost:5174/src/services/rssIngestion.js:324
[   11855ms] [LOG] [rss-source] channelId resolution {mentorName: Eden Bibas, fromSourceUrl: —, fromMentorField: UCGFogLEUR_nuiT83pt8zVWQ, resolved: UCGFogLEUR_nuiT83pt8zVWQ, sourceUrl: —} @ http://localhost:5174/src/services/rssIngestion.js:302
[   11855ms] [LOG] [rss] fetching {channelName: Eden Bibas, channelId: UCGFogLEUR_nuiT83pt8zVWQ, rssUrl: https://www.youtube.com/feeds/videos.xml?channel_id=UCGFogLEUR_nuiT83pt8zVWQ} @ http://localhost:5174/src/services/rssIngestion.js:152
[   12034ms] [LOG] [rss] success (proxy) {channelName: Eden Bibas, channelId: UCGFogLEUR_nuiT83pt8zVWQ} @ http://localhost:5174/src/services/rssIngestion.js:184
[   12036ms] [LOG] [rss] success {mentorName: Eden Bibas, videosCount: 5, topicIds: Array(2)} @ http://localhost:5174/src/services/rssIngestion.js:324
[   13203ms] [LOG] [rss-source] channelId resolution {mentorName: Base44 Community, fromSourceUrl: —, fromMentorField: UC9wNu-y7T3vZMq5SA441i8g, resolved: UC9wNu-y7T3vZMq5SA441i8g, sourceUrl: —} @ http://localhost:5174/src/services/rssIngestion.js:302
[   13203ms] [LOG] [rss] fetching {channelName: Base44 Community, channelId: UC9wNu-y7T3vZMq5SA441i8g, rssUrl: https://www.youtube.com/feeds/videos.xml?channel_id=UC9wNu-y7T3vZMq5SA441i8g} @ http://localhost:5174/src/services/rssIngestion.js:152
[   13294ms] [LOG] [rss] success (proxy) {channelName: Base44 Community, channelId: UC9wNu-y7T3vZMq5SA441i8g} @ http://localhost:5174/src/services/rssIngestion.js:184
[   13294ms] [LOG] [rss] success {mentorName: Base44 Community, videosCount: 0, topicIds: Array(2)} @ http://localhost:5174/src/services/rssIngestion.js:324
[   13299ms] [LOG] [rss-source] channelId resolution {mentorName: Ran Bar Zik, fromSourceUrl: —, fromMentorField: UCxPN-JU3DsKwDgn5sTetNUQ, resolved: UCxPN-JU3DsKwDgn5sTetNUQ, sourceUrl: —} @ http://localhost:5174/src/services/rssIngestion.js:302
[   13299ms] [LOG] [rss] fetching {channelName: Ran Bar Zik, channelId: UCxPN-JU3DsKwDgn5sTetNUQ, rssUrl: https://www.youtube.com/feeds/videos.xml?channel_id=UCxPN-JU3DsKwDgn5sTetNUQ} @ http://localhost:5174/src/services/rssIngestion.js:152
[   13325ms] [LOG] [rss] success (proxy) {channelName: Ran Bar Zik, channelId: UCxPN-JU3DsKwDgn5sTetNUQ} @ http://localhost:5174/src/services/rssIngestion.js:184
[   13326ms] [LOG] [rss] success {mentorName: Ran Bar Zik, videosCount: 5, topicIds: Array(2)} @ http://localhost:5174/src/services/rssIngestion.js:324
[   14260ms] [INFO] [useVideos] local-first — 105 videos from storage @ http://localhost:5174/src/hooks/useVideos.js:26
