[     260ms] [INFO] %cDownload the React DevTools for a better development experience: https://reactjs.org/link/react-devtools font-weight:bold @ http://localhost:5174/node_modules/.vite/deps/chunk-H343HIDT.js?v=d8fecc39:21608
[     338ms] [INFO] [useVideos] local-first — 59 videos from storage @ http://localhost:5174/src/hooks/useVideos.js:23
[     451ms] [LOG] [rss] fetching {channelName: Micha.Stocks, channelId: UCSxjNbPriyBh9RNl_QNSAtw, rssUrl: https://www.youtube.com/feeds/videos.xml?channel_id=UCSxjNbPriyBh9RNl_QNSAtw} @ http://localhost:5174/src/services/rssIngestion.js:146
[     723ms] [LOG] [rss] success (proxy) {channelName: Micha.Stocks, channelId: UCSxjNbPriyBh9RNl_QNSAtw} @ http://localhost:5174/src/services/rssIngestion.js:178
[     725ms] [LOG] [rss] success {mentorName: Micha.Stocks, videosCount: 5, topicIds: Array(3)} @ http://localhost:5174/src/services/rssIngestion.js:328
[     726ms] [ERROR] Failed to load resource: the server responded with a status of 404 (Not Found) @ http://localhost:5174/favicon.ico:0
[    1607ms] [LOG] [rss] fetching {channelName: בורסה גרף, channelId: UCrQmXSenNhePSOiCTdnhwRg, rssUrl: https://www.youtube.com/feeds/videos.xml?channel_id=UCrQmXSenNhePSOiCTdnhwRg} @ http://localhost:5174/src/services/rssIngestion.js:146
[    1743ms] [LOG] [chapter-source] videoId local_1778402155483_4pcbo @ http://localhost:5174/src/services/videoAnalytics.js:852
[    1743ms] [LOG] [chapter-source] transcript usable false @ http://localhost:5174/src/services/videoAnalytics.js:853
[    1743ms] [LOG] [chapter-source] description chapters 9 @ http://localhost:5174/src/services/videoAnalytics.js:854
[    1743ms] [LOG] [chapter-source] duration fallback 875 @ http://localhost:5174/src/services/videoAnalytics.js:855
[    1743ms] [LOG] [chapter-source] selected source description_timestamp @ http://localhost:5174/src/services/videoAnalytics.js:871
[    1748ms] [ERROR] Warning: React has detected a change in the order of Hooks called by %s. This will lead to bugs and errors if not fixed. For more information, read the Rules of Hooks: https://reactjs.org/link/rules-of-hooks

   Previous render            Next render
   ------------------------------------------------------
%s   ^^^^^^^^^^^^^^^^^^^^^^^^^^^^^^^^^^^^^^^^^^^^^^^^^^^^^^
%s VideoDetailPanel 1. useState                   useState
2. useState                   useState
3. useState                   useState
4. useState                   useState
5. useState                   useState
6. useState                   useState
7. useState                   useState
8. useState                   useState
9. useState                   useState
10. useState                  useState
11. useState                  useState
12. useState                  useState
13. useState                  useState
14. useState                  useState
15. useState                  useState
16. useState                  useState
17. useState                  useState
18. useState                  useState
19. useState                  useState
20. useState                  useState
21. useState                  useState
22. useState                  useState
23. useState                  useState
24. useState                  useState
25. useState                  useState
26. useState                  useState
27. useState                  useState
28. useState                  useState
29. useState                  useState
30. useRef                    useRef
31. useRef                    useRef
32. useContext                useContext
33. useContext                useContext
34. useState                  useState
35. useEffect                 useEffect
36. useCallback               useCallback
37. useSyncExternalStore      useSyncExternalStore
38. useCallback               useCallback
39. useState                  useState
40. useContext                useContext
41. useEffect                 useEffect
42. useCallback               useCallback
43. useContext                useContext
44. useEffect                 useEffect
45. useEffect                 useEffect
46. useEffect                 useEffect
47. useEffect                 useEffect
48. useEffect                 useEffect
49. useEffect                 useEffect
50. useEffect                 useEffect
51. useMemo                   useMemo
52. useMemo                   useMemo
53. useMemo                   useMemo
54. useEffect                 useEffect
55. useContext                useContext
56. useContext                useContext
57. useContext                useContext
58. useEffect                 useEffect
59. useState                  useState
60. useCallback               useCallback
61. useSyncExternalStore      useSyncExternalStore
62. useEffect                 useEffect
63. undefined                 useMemo
 
    at VideoDetailPanel (http://localhost:5174/src/components/dashboard/VideoDetailPanel.jsx:476:10)
    at div
    at Dashboard (http://localhost:5174/src/pages/Dashboard.jsx:556:3)
    at main
    at div
    at AppLayout (http://localhost:5174/src/App.jsx:32:22)
    at QueryClientProvider (http://localhost:5174/node_modules/.vite/deps/@tanstack_react-query.js?v=d8fecc39:3193:3)
    at App (http://localhost:5174/src/App.jsx:157:42) @ http://localhost:5174/node_modules/.vite/deps/chunk-H343HIDT.js?v=d8fecc39:520
[    1748ms] [LOG] [chapter-source] videoId local_1778402155483_4pcbo @ http://localhost:5174/src/services/videoAnalytics.js:852
[    1748ms] [LOG] [chapter-source] transcript usable false @ http://localhost:5174/src/services/videoAnalytics.js:853
[    1748ms] [LOG] [chapter-source] description chapters 9 @ http://localhost:5174/src/services/videoAnalytics.js:854
[    1749ms] [LOG] [chapter-source] duration fallback 875 @ http://localhost:5174/src/services/videoAnalytics.js:855
[    1749ms] [LOG] [chapter-source] selected source description_timestamp @ http://localhost:5174/src/services/videoAnalytics.js:871
[    1751ms] Error: Rendered more hooks than during the previous render.
    at updateWorkInProgressHook (http://localhost:5174/node_modules/.vite/deps/chunk-H343HIDT.js?v=d8fecc39:11726:21)
    at updateMemo (http://localhost:5174/node_modules/.vite/deps/chunk-H343HIDT.js?v=d8fecc39:12247:22)
    at Object.useMemo (http://localhost:5174/node_modules/.vite/deps/chunk-H343HIDT.js?v=d8fecc39:12774:24)
    at useMemo (http://localhost:5174/node_modules/.vite/deps/chunk-VJA5E53X.js?v=d8fecc39:1094:29)
    at VideoDetailPanel (http://localhost:5174/src/components/dashboard/VideoDetailPanel.jsx:1768:27)
    at renderWithHooks (http://localhost:5174/node_modules/.vite/deps/chunk-H343HIDT.js?v=d8fecc39:11596:26)
    at updateFunctionComponent (http://localhost:5174/node_modules/.vite/deps/chunk-H343HIDT.js?v=d8fecc39:14630:28)
    at beginWork (http://localhost:5174/node_modules/.vite/deps/chunk-H343HIDT.js?v=d8fecc39:15972:22)
    at HTMLUnknownElement.callCallback2 (http://localhost:5174/node_modules/.vite/deps/chunk-H343HIDT.js?v=d8fecc39:3680:22)
    at Object.invokeGuardedCallbackDev (http://localhost:5174/node_modules/.vite/deps/chunk-H343HIDT.js?v=d8fecc39:3705:24)
[    1773ms] [LOG] [chapter-source] videoId local_1778402155483_4pcbo @ http://localhost:5174/src/services/videoAnalytics.js:852
[    1773ms] [LOG] [chapter-source] transcript usable false @ http://localhost:5174/src/services/videoAnalytics.js:853
[    1773ms] [LOG] [chapter-source] description chapters 9 @ http://localhost:5174/src/services/videoAnalytics.js:854
[    1773ms] [LOG] [chapter-source] duration fallback 875 @ http://localhost:5174/src/services/videoAnalytics.js:855
[    1773ms] [LOG] [chapter-source] selected source description_timestamp @ http://localhost:5174/src/services/videoAnalytics.js:871
[    1773ms] [LOG] [chapter-source] videoId local_1778402155483_4pcbo @ http://localhost:5174/src/services/videoAnalytics.js:852
[    1773ms] [LOG] [chapter-source] transcript usable false @ http://localhost:5174/src/services/videoAnalytics.js:853
[    1773ms] [LOG] [chapter-source] description chapters 9 @ http://localhost:5174/src/services/videoAnalytics.js:854
[    1773ms] [LOG] [chapter-source] duration fallback 875 @ http://localhost:5174/src/services/videoAnalytics.js:855
[    1773ms] [LOG] [chapter-source] selected source description_timestamp @ http://localhost:5174/src/services/videoAnalytics.js:871
[    1774ms] Error: Rendered more hooks than during the previous render.
    at updateWorkInProgressHook (http://localhost:5174/node_modules/.vite/deps/chunk-H343HIDT.js?v=d8fecc39:11726:21)
    at updateMemo (http://localhost:5174/node_modules/.vite/deps/chunk-H343HIDT.js?v=d8fecc39:12247:22)
    at Object.useMemo (http://localhost:5174/node_modules/.vite/deps/chunk-H343HIDT.js?v=d8fecc39:12774:24)
    at useMemo (http://localhost:5174/node_modules/.vite/deps/chunk-VJA5E53X.js?v=d8fecc39:1094:29)
    at VideoDetailPanel (http://localhost:5174/src/components/dashboard/VideoDetailPanel.jsx:1768:27)
    at renderWithHooks (http://localhost:5174/node_modules/.vite/deps/chunk-H343HIDT.js?v=d8fecc39:11596:26)
    at updateFunctionComponent (http://localhost:5174/node_modules/.vite/deps/chunk-H343HIDT.js?v=d8fecc39:14630:28)
    at beginWork (http://localhost:5174/node_modules/.vite/deps/chunk-H343HIDT.js?v=d8fecc39:15972:22)
    at HTMLUnknownElement.callCallback2 (http://localhost:5174/node_modules/.vite/deps/chunk-H343HIDT.js?v=d8fecc39:3680:22)
    at Object.invokeGuardedCallbackDev (http://localhost:5174/node_modules/.vite/deps/chunk-H343HIDT.js?v=d8fecc39:3705:24)
[    1777ms] [ERROR] The above error occurred in the <VideoDetailPanel> component:

    at VideoDetailPanel (http://localhost:5174/src/components/dashboard/VideoDetailPanel.jsx:476:10)
    at div
    at Dashboard (http://localhost:5174/src/pages/Dashboard.jsx:556:3)
    at main
    at div
    at AppLayout (http://localhost:5174/src/App.jsx:32:22)
    at QueryClientProvider (http://localhost:5174/node_modules/.vite/deps/@tanstack_react-query.js?v=d8fecc39:3193:3)
    at App (http://localhost:5174/src/App.jsx:157:42)

Consider adding an error boundary to your tree to customize error handling behavior.
Visit https://reactjs.org/link/error-boundaries to learn more about error boundaries. @ http://localhost:5174/node_modules/.vite/deps/chunk-H343HIDT.js?v=d8fecc39:14079
[    1777ms] Error: Rendered more hooks than during the previous render.
    at updateWorkInProgressHook (http://localhost:5174/node_modules/.vite/deps/chunk-H343HIDT.js?v=d8fecc39:11726:21)
    at updateMemo (http://localhost:5174/node_modules/.vite/deps/chunk-H343HIDT.js?v=d8fecc39:12247:22)
    at Object.useMemo (http://localhost:5174/node_modules/.vite/deps/chunk-H343HIDT.js?v=d8fecc39:12774:24)
    at useMemo (http://localhost:5174/node_modules/.vite/deps/chunk-VJA5E53X.js?v=d8fecc39:1094:29)
    at VideoDetailPanel (http://localhost:5174/src/components/dashboard/VideoDetailPanel.jsx:1768:27)
    at renderWithHooks (http://localhost:5174/node_modules/.vite/deps/chunk-H343HIDT.js?v=d8fecc39:11596:26)
    at updateFunctionComponent (http://localhost:5174/node_modules/.vite/deps/chunk-H343HIDT.js?v=d8fecc39:14630:28)
    at beginWork (http://localhost:5174/node_modules/.vite/deps/chunk-H343HIDT.js?v=d8fecc39:15972:22)
    at beginWork$1 (http://localhost:5174/node_modules/.vite/deps/chunk-H343HIDT.js?v=d8fecc39:19806:22)
    at performUnitOfWork (http://localhost:5174/node_modules/.vite/deps/chunk-H343HIDT.js?v=d8fecc39:19251:20)
[    1809ms] [LOG] [rss] success (proxy) {channelName: בורסה גרף, channelId: UCrQmXSenNhePSOiCTdnhwRg} @ http://localhost:5174/src/services/rssIngestion.js:178
[    1810ms] [LOG] [rss] success {mentorName: בורסה גרף, videosCount: 5, topicIds: Array(2)} @ http://localhost:5174/src/services/rssIngestion.js:328
[    2598ms] [LOG] [rss] fetching {channelName: The Hasidic Trader, channelId: UCSB4SNRWhbemGAJ4wfeKj2Q, rssUrl: https://www.youtube.com/feeds/videos.xml?channel_id=UCSB4SNRWhbemGAJ4wfeKj2Q} @ http://localhost:5174/src/services/rssIngestion.js:146
[    2753ms] [LOG] [rss] success (proxy) {channelName: The Hasidic Trader, channelId: UCSB4SNRWhbemGAJ4wfeKj2Q} @ http://localhost:5174/src/services/rssIngestion.js:178
[    2754ms] [LOG] [rss] success {mentorName: The Hasidic Trader, videosCount: 5, topicIds: Array(2)} @ http://localhost:5174/src/services/rssIngestion.js:328
[    3538ms] [LOG] [rss] fetching {channelName: Oliver Velez Trading, channelId: UCmD96zZeKnYof2jO1ON6acA, rssUrl: https://www.youtube.com/feeds/videos.xml?channel_id=UCmD96zZeKnYof2jO1ON6acA} @ http://localhost:5174/src/services/rssIngestion.js:146
[    3697ms] [LOG] [rss] success (proxy) {channelName: Oliver Velez Trading, channelId: UCmD96zZeKnYof2jO1ON6acA} @ http://localhost:5174/src/services/rssIngestion.js:178
[    3697ms] [LOG] [rss] success {mentorName: Oliver Velez Trading, videosCount: 5, topicIds: Array(2)} @ http://localhost:5174/src/services/rssIngestion.js:328
[    4544ms] [LOG] [rss] fetching {channelName: Dor Amir Trading, channelId: UCSyPOk83lhOXoGcT2vUNhdw, rssUrl: https://www.youtube.com/feeds/videos.xml?channel_id=UCSyPOk83lhOXoGcT2vUNhdw} @ http://localhost:5174/src/services/rssIngestion.js:146
[    4713ms] [LOG] [rss] success (proxy) {channelName: Dor Amir Trading, channelId: UCSyPOk83lhOXoGcT2vUNhdw} @ http://localhost:5174/src/services/rssIngestion.js:178
[    4714ms] [LOG] [rss] success {mentorName: Dor Amir Trading, videosCount: 5, topicIds: Array(2)} @ http://localhost:5174/src/services/rssIngestion.js:328
