[     104ms] [INFO] %cDownload the React DevTools for a better development experience: https://reactjs.org/link/react-devtools font-weight:bold @ http://localhost:5174/node_modules/.vite/deps/chunk-H343HIDT.js?v=483a61bc:21608
[     154ms] [INFO] [useVideos] local-first — 72 videos from storage @ http://localhost:5174/src/hooks/useVideos.js:24
[     261ms] [INFO] [App] channelScan: ׳¡׳¨׳™׳§׳” ׳‘׳•׳¦׳¢׳” ׳‘׳₪׳—׳•׳× ׳-8 ׳©׳¢׳•׳× ג€” ׳׳“׳׳’ @ http://localhost:5174/src/App.jsx?t=1778830475207:48
[ 1314950ms] [ERROR] Failed to load resource: the server responded with a status of 500 (Internal Server Error) @ http://localhost:5174/src/components/dashboard/VideoDetailPanel.jsx?t=1778831796068:0
[ 1314950ms] [ERROR] [vite] Failed to reload /src/components/dashboard/VideoDetailPanel.jsx. This could be due to syntax errors or importing non-existent modules. (see errors above) @ http://localhost:5174/@vite/client:881
[ 1958990ms] [LOG] [vite] server connection lost. Polling for restart... @ http://localhost:5174/@vite/client:963
[ 1960664ms] [INFO] %cDownload the React DevTools for a better development experience: https://reactjs.org/link/react-devtools font-weight:bold @ http://localhost:5174/node_modules/.vite/deps/chunk-H343HIDT.js?v=483a61bc:21608
[ 1960739ms] [INFO] [useVideos] local-first — 72 videos from storage @ http://localhost:5174/src/hooks/useVideos.js:24
[ 1960833ms] [INFO] [App] channelScan: ׳¡׳¨׳™׳§׳” ׳‘׳•׳¦׳¢׳” ׳‘׳₪׳—׳•׳× ׳-8 ׳©׳¢׳•׳× ג€” ׳׳“׳׳’ @ http://localhost:5174/src/App.jsx:48
[ 2725460ms] [LOG] [vite] server connection lost. Polling for restart... @ http://localhost:5174/@vite/client:963
[ 2725463ms] [ERROR] WebSocket connection to 'ws://localhost:5174/' failed: Error in connection establishment: net::ERR_NETWORK_IO_SUSPENDED @ http://localhost:5174/@vite/client:1034
[15518280ms] [INFO] %cDownload the React DevTools for a better development experience: https://reactjs.org/link/react-devtools font-weight:bold @ http://localhost:5174/node_modules/.vite/deps/chunk-H343HIDT.js?v=483a61bc:21608
[15518375ms] [INFO] [useVideos] local-first — 72 videos from storage @ http://localhost:5174/src/hooks/useVideos.js:24
[15518559ms] [INFO] [App] channelScan: ׳¡׳¨׳™׳§׳” ׳‘׳•׳¦׳¢׳” ׳‘׳₪׳—׳•׳× ׳-8 ׳©׳¢׳•׳× ג€” ׳׳“׳׳’ @ http://localhost:5174/src/App.jsx:48
[15518592ms] [ERROR] Failed to load resource: net::ERR_INTERNET_DISCONNECTED @ https://img.youtube.com/vi/P6yeIZzlXJA/hqdefault.jpg:0
[15518592ms] [ERROR] Failed to load resource: net::ERR_INTERNET_DISCONNECTED @ https://img.youtube.com/vi/o8g2FaanEd8/hqdefault.jpg:0
[15518593ms] [ERROR] Failed to load resource: net::ERR_INTERNET_DISCONNECTED @ https://img.youtube.com/vi/t3rgOqsXK0U/hqdefault.jpg:0
[15518593ms] [ERROR] Failed to load resource: net::ERR_INTERNET_DISCONNECTED @ https://img.youtube.com/vi/AcfvYqhWD3k/hqdefault.jpg:0
[15518593ms] [ERROR] Failed to load resource: net::ERR_INTERNET_DISCONNECTED @ https://img.youtube.com/vi/hXrHlCoQ140/hqdefault.jpg:0
[15518593ms] [ERROR] Failed to load resource: net::ERR_INTERNET_DISCONNECTED @ https://img.youtube.com/vi/GrDos-NsK4k/hqdefault.jpg:0
[15518593ms] [ERROR] Failed to load resource: net::ERR_INTERNET_DISCONNECTED @ https://img.youtube.com/vi/n6hoimFRi_s/hqdefault.jpg:0
[15518593ms] [ERROR] Failed to load resource: net::ERR_INTERNET_DISCONNECTED @ https://img.youtube.com/vi/e4la6x8H800/hqdefault.jpg:0
[15518593ms] [ERROR] Failed to load resource: net::ERR_INTERNET_DISCONNECTED @ https://img.youtube.com/vi/f29-mgjP7hM/hqdefault.jpg:0
[15518593ms] [ERROR] Failed to load resource: net::ERR_INTERNET_DISCONNECTED @ https://img.youtube.com/vi/-HwW0MpHnxc/hqdefault.jpg:0
[15518593ms] [ERROR] Failed to load resource: net::ERR_INTERNET_DISCONNECTED @ https://img.youtube.com/vi/RAyZzsTGbWw/hqdefault.jpg:0
[15518593ms] [ERROR] Failed to load resource: net::ERR_INTERNET_DISCONNECTED @ https://img.youtube.com/vi/5kcaMQhTyfQ/hqdefault.jpg:0
[15518593ms] [ERROR] Failed to load resource: net::ERR_INTERNET_DISCONNECTED @ https://img.youtube.com/vi/S5kBp2VgH2Y/hqdefault.jpg:0
[15518593ms] [ERROR] Failed to load resource: net::ERR_INTERNET_DISCONNECTED @ https://img.youtube.com/vi/PGWtY5GI6L8/hqdefault.jpg:0
[15518593ms] [ERROR] Failed to load resource: net::ERR_INTERNET_DISCONNECTED @ https://img.youtube.com/vi/kB5KLcmwcz0/hqdefault.jpg:0
[15518593ms] [ERROR] Failed to load resource: net::ERR_INTERNET_DISCONNECTED @ https://img.youtube.com/vi/BhDllZgpBW8/hqdefault.jpg:0
[15518593ms] [ERROR] Failed to load resource: net::ERR_INTERNET_DISCONNECTED @ https://img.youtube.com/vi/5zNjk5X0Cn0/hqdefault.jpg:0
[15518593ms] [ERROR] Failed to load resource: net::ERR_INTERNET_DISCONNECTED @ https://img.youtube.com/vi/gfBep9GapZg/hqdefault.jpg:0
[15518593ms] [ERROR] Failed to load resource: net::ERR_INTERNET_DISCONNECTED @ https://img.youtube.com/vi/ui7gACnpg3I/hqdefault.jpg:0
[15518593ms] [ERROR] Failed to load resource: net::ERR_INTERNET_DISCONNECTED @ https://img.youtube.com/vi/42n4hit8QcA/hqdefault.jpg:0
[15518593ms] [ERROR] Failed to load resource: net::ERR_INTERNET_DISCONNECTED @ https://img.youtube.com/vi/JkJg7Xv0cdE/hqdefault.jpg:0
[15518593ms] [ERROR] Failed to load resource: net::ERR_INTERNET_DISCONNECTED @ https://img.youtube.com/vi/-FT2dpa8vZE/hqdefault.jpg:0
[15518593ms] [ERROR] Failed to load resource: net::ERR_INTERNET_DISCONNECTED @ https://img.youtube.com/vi/FsYuFonZvO4/hqdefault.jpg:0
[15518593ms] [ERROR] Failed to load resource: net::ERR_INTERNET_DISCONNECTED @ https://img.youtube.com/vi/bK2fIxi3Jic/hqdefault.jpg:0
[15518593ms] [ERROR] Failed to load resource: net::ERR_INTERNET_DISCONNECTED @ https://img.youtube.com/vi/xiJ-zby58C8/hqdefault.jpg:0
[15518593ms] [ERROR] Failed to load resource: net::ERR_INTERNET_DISCONNECTED @ https://img.youtube.com/vi/rJHO_YKbqDc/hqdefault.jpg:0
[15518593ms] [ERROR] Failed to load resource: net::ERR_INTERNET_DISCONNECTED @ https://img.youtube.com/vi/YUDj_14s7_M/hqdefault.jpg:0
[15518593ms] [ERROR] Failed to load resource: net::ERR_INTERNET_DISCONNECTED @ https://img.youtube.com/vi/BrdXQphx48o/hqdefault.jpg:0
[15518593ms] [ERROR] Failed to load resource: net::ERR_INTERNET_DISCONNECTED @ https://img.youtube.com/vi/MTOXbSdCO78/hqdefault.jpg:0
[15518593ms] [ERROR] Failed to load resource: net::ERR_INTERNET_DISCONNECTED @ https://img.youtube.com/vi/GkGPa8MrAVQ/hqdefault.jpg:0
[15518593ms] [ERROR] Failed to load resource: net::ERR_INTERNET_DISCONNECTED @ https://img.youtube.com/vi/s-Y1QCSck1w/hqdefault.jpg:0
[15518594ms] [ERROR] Failed to load resource: net::ERR_INTERNET_DISCONNECTED @ https://img.youtube.com/vi/958YOSahyNw/hqdefault.jpg:0
[15518594ms] [ERROR] Failed to load resource: net::ERR_INTERNET_DISCONNECTED @ https://img.youtube.com/vi/K18rRr5YsOM/hqdefault.jpg:0
[15518594ms] [ERROR] Failed to load resource: net::ERR_INTERNET_DISCONNECTED @ https://img.youtube.com/vi/PEOAj9w4bCI/hqdefault.jpg:0
[15518594ms] [ERROR] Failed to load resource: net::ERR_INTERNET_DISCONNECTED @ https://img.youtube.com/vi/I_msgqMsplg/hqdefault.jpg:0
[15518594ms] [ERROR] Failed to load resource: net::ERR_INTERNET_DISCONNECTED @ https://img.youtube.com/vi/w1RJ0x_6CUo/hqdefault.jpg:0
[15518594ms] [ERROR] Failed to load resource: net::ERR_INTERNET_DISCONNECTED @ https://img.youtube.com/vi/6-GYJWvTkak/hqdefault.jpg:0
[15518594ms] [ERROR] Failed to load resource: net::ERR_INTERNET_DISCONNECTED @ https://img.youtube.com/vi/lHXtPkhElw4/hqdefault.jpg:0
[15518594ms] [ERROR] Failed to load resource: net::ERR_INTERNET_DISCONNECTED @ https://img.youtube.com/vi/md-ie6D_AZc/hqdefault.jpg:0
[15518594ms] [ERROR] Failed to load resource: net::ERR_INTERNET_DISCONNECTED @ https://img.youtube.com/vi/ViilNVorlQo/hqdefault.jpg:0
[15518594ms] [ERROR] Failed to load resource: net::ERR_INTERNET_DISCONNECTED @ https://img.youtube.com/vi/AoGWOB7VchI/hqdefault.jpg:0
[15518594ms] [ERROR] Failed to load resource: net::ERR_INTERNET_DISCONNECTED @ https://img.youtube.com/vi/8N_cx2BEeY0/hqdefault.jpg:0
[15518594ms] [ERROR] Failed to load resource: net::ERR_INTERNET_DISCONNECTED @ https://img.youtube.com/vi/mxjk0KuEQEo/hqdefault.jpg:0
[15518594ms] [ERROR] Failed to load resource: net::ERR_INTERNET_DISCONNECTED @ https://img.youtube.com/vi/vbtUczknubo/hqdefault.jpg:0
[15518594ms] [ERROR] Failed to load resource: net::ERR_INTERNET_DISCONNECTED @ https://img.youtube.com/vi/lFIbFLGcB5U/hqdefault.jpg:0
[15518594ms] [ERROR] Failed to load resource: net::ERR_INTERNET_DISCONNECTED @ https://img.youtube.com/vi/NNv80mMzFDs/hqdefault.jpg:0
[15518594ms] [ERROR] Failed to load resource: net::ERR_INTERNET_DISCONNECTED @ https://img.youtube.com/vi/_fqr8ZtGNsc/hqdefault.jpg:0
[15518594ms] [ERROR] Failed to load resource: net::ERR_INTERNET_DISCONNECTED @ https://img.youtube.com/vi/R64vgkpVo9w/hqdefault.jpg:0
[15518594ms] [ERROR] Failed to load resource: net::ERR_INTERNET_DISCONNECTED @ https://img.youtube.com/vi/azhWSShMSI8/hqdefault.jpg:0
[15518594ms] [ERROR] Failed to load resource: net::ERR_INTERNET_DISCONNECTED @ https://img.youtube.com/vi/JgABZY58m2Q/hqdefault.jpg:0
[15518594ms] [ERROR] Failed to load resource: net::ERR_INTERNET_DISCONNECTED @ https://img.youtube.com/vi/JMae4CU7D8Q/hqdefault.jpg:0
[15518594ms] [ERROR] Failed to load resource: net::ERR_INTERNET_DISCONNECTED @ https://img.youtube.com/vi/3fYDBEWkL1s/hqdefault.jpg:0
[15518594ms] [ERROR] Failed to load resource: net::ERR_INTERNET_DISCONNECTED @ https://img.youtube.com/vi/4nyq318epjQ/hqdefault.jpg:0
[15518594ms] [ERROR] Failed to load resource: net::ERR_INTERNET_DISCONNECTED @ https://img.youtube.com/vi/a0ENfAXKa-Y/hqdefault.jpg:0
[15518594ms] [ERROR] Failed to load resource: net::ERR_INTERNET_DISCONNECTED @ https://img.youtube.com/vi/w8JlCAn-tS0/hqdefault.jpg:0
[15518594ms] [ERROR] Failed to load resource: net::ERR_INTERNET_DISCONNECTED @ https://img.youtube.com/vi/Svomq4WGRqk/hqdefault.jpg:0
[15518594ms] [ERROR] Failed to load resource: net::ERR_INTERNET_DISCONNECTED @ https://img.youtube.com/vi/As6Sr3OzhzE/hqdefault.jpg:0
[15518594ms] [ERROR] Failed to load resource: net::ERR_INTERNET_DISCONNECTED @ https://img.youtube.com/vi/DV0CokdUMRE/hqdefault.jpg:0
[15518595ms] [ERROR] Failed to load resource: net::ERR_INTERNET_DISCONNECTED @ https://img.youtube.com/vi/o1a4h8QHWWA/hqdefault.jpg:0
[15518595ms] [ERROR] Failed to load resource: net::ERR_INTERNET_DISCONNECTED @ https://img.youtube.com/vi/VOw6R1j67i0/hqdefault.jpg:0
[15518595ms] [ERROR] Failed to load resource: net::ERR_INTERNET_DISCONNECTED @ https://img.youtube.com/vi/TcoSQ1374J0/hqdefault.jpg:0
[15518595ms] [ERROR] Failed to load resource: net::ERR_INTERNET_DISCONNECTED @ https://img.youtube.com/vi/HFNgmi5jAic/hqdefault.jpg:0
[15518595ms] [ERROR] Failed to load resource: net::ERR_INTERNET_DISCONNECTED @ https://img.youtube.com/vi/VTMRNNRbQ40/hqdefault.jpg:0
[15518595ms] [ERROR] Failed to load resource: net::ERR_INTERNET_DISCONNECTED @ https://img.youtube.com/vi/8qzFObhqMVk/hqdefault.jpg:0
[15518595ms] [ERROR] Failed to load resource: net::ERR_INTERNET_DISCONNECTED @ https://img.youtube.com/vi/hrujf6qaTPM/hqdefault.jpg:0
[15518595ms] [ERROR] Failed to load resource: net::ERR_INTERNET_DISCONNECTED @ https://img.youtube.com/vi/amAO41AZWx0/hqdefault.jpg:0
[15518595ms] [ERROR] Failed to load resource: net::ERR_INTERNET_DISCONNECTED @ https://img.youtube.com/vi/un4_fc9x_bc/hqdefault.jpg:0
[15518595ms] [ERROR] Failed to load resource: net::ERR_INTERNET_DISCONNECTED @ https://img.youtube.com/vi/ZaJfrlOYnXc/hqdefault.jpg:0
[15518595ms] [ERROR] Failed to load resource: net::ERR_INTERNET_DISCONNECTED @ https://img.youtube.com/vi/CdOiURGDXHs/hqdefault.jpg:0
[15518595ms] [ERROR] Failed to load resource: net::ERR_INTERNET_DISCONNECTED @ https://img.youtube.com/vi/9bLgYFndOfo/hqdefault.jpg:0
[15518595ms] [ERROR] Failed to load resource: net::ERR_INTERNET_DISCONNECTED @ https://img.youtube.com/vi/ocmHaK0Ic74/hqdefault.jpg:0
[15518595ms] [ERROR] Failed to load resource: net::ERR_INTERNET_DISCONNECTED @ https://img.youtube.com/vi/mDWkyiHE1DA/hqdefault.jpg:0
[17432964ms] [LOG] [vite] server connection lost. Polling for restart... @ http://localhost:5174/@vite/client:963
[17432967ms] [ERROR] WebSocket connection to 'ws://localhost:5174/' failed: Error in connection establishment: net::ERR_NETWORK_IO_SUSPENDED @ http://localhost:5174/@vite/client:1034
[18359060ms] [INFO] %cDownload the React DevTools for a better development experience: https://reactjs.org/link/react-devtools font-weight:bold @ http://localhost:5174/node_modules/.vite/deps/chunk-H343HIDT.js?v=483a61bc:21608
[18359137ms] [INFO] [useVideos] local-first — 72 videos from storage @ http://localhost:5174/src/hooks/useVideos.js:24
[18359295ms] [INFO] [App] channelScan: ׳¡׳¨׳™׳§׳” ׳‘׳•׳¦׳¢׳” ׳‘׳₪׳—׳•׳× ׳-8 ׳©׳¢׳•׳× ג€” ׳׳“׳׳’ @ http://localhost:5174/src/App.jsx:48
[18359330ms] [ERROR] Failed to load resource: net::ERR_INTERNET_DISCONNECTED @ https://img.youtube.com/vi/t3rgOqsXK0U/hqdefault.jpg:0
[18359330ms] [ERROR] Failed to load resource: net::ERR_INTERNET_DISCONNECTED @ https://img.youtube.com/vi/AcfvYqhWD3k/hqdefault.jpg:0
[18359330ms] [ERROR] Failed to load resource: net::ERR_INTERNET_DISCONNECTED @ https://img.youtube.com/vi/P6yeIZzlXJA/hqdefault.jpg:0
[18359402ms] [ERROR] Failed to load resource: net::ERR_INTERNET_DISCONNECTED @ https://img.youtube.com/vi/o8g2FaanEd8/hqdefault.jpg:0
[18359402ms] [ERROR] Failed to load resource: net::ERR_INTERNET_DISCONNECTED @ https://img.youtube.com/vi/hXrHlCoQ140/hqdefault.jpg:0
[18359402ms] [ERROR] Failed to load resource: net::ERR_INTERNET_DISCONNECTED @ https://img.youtube.com/vi/n6hoimFRi_s/hqdefault.jpg:0
[18359402ms] [ERROR] Failed to load resource: net::ERR_INTERNET_DISCONNECTED @ https://img.youtube.com/vi/GrDos-NsK4k/hqdefault.jpg:0
[18359402ms] [ERROR] Failed to load resource: net::ERR_INTERNET_DISCONNECTED @ https://img.youtube.com/vi/e4la6x8H800/hqdefault.jpg:0
[18359402ms] [ERROR] Failed to load resource: net::ERR_INTERNET_DISCONNECTED @ https://img.youtube.com/vi/f29-mgjP7hM/hqdefault.jpg:0
[18359402ms] [ERROR] Failed to load resource: net::ERR_INTERNET_DISCONNECTED @ https://img.youtube.com/vi/RAyZzsTGbWw/hqdefault.jpg:0
[18359402ms] [ERROR] Failed to load resource: net::ERR_INTERNET_DISCONNECTED @ https://img.youtube.com/vi/-HwW0MpHnxc/hqdefault.jpg:0
[18359402ms] [ERROR] Failed to load resource: net::ERR_INTERNET_DISCONNECTED @ https://img.youtube.com/vi/S5kBp2VgH2Y/hqdefault.jpg:0
[18359402ms] [ERROR] Failed to load resource: net::ERR_INTERNET_DISCONNECTED @ https://img.youtube.com/vi/5kcaMQhTyfQ/hqdefault.jpg:0
[18359402ms] [ERROR] Failed to load resource: net::ERR_INTERNET_DISCONNECTED @ https://img.youtube.com/vi/PGWtY5GI6L8/hqdefault.jpg:0
[18359402ms] [ERROR] Failed to load resource: net::ERR_INTERNET_DISCONNECTED @ https://img.youtube.com/vi/kB5KLcmwcz0/hqdefault.jpg:0
[18359402ms] [ERROR] Failed to load resource: net::ERR_INTERNET_DISCONNECTED @ https://img.youtube.com/vi/BhDllZgpBW8/hqdefault.jpg:0
[18359402ms] [ERROR] Failed to load resource: net::ERR_INTERNET_DISCONNECTED @ https://img.youtube.com/vi/gfBep9GapZg/hqdefault.jpg:0
[18359402ms] [ERROR] Failed to load resource: net::ERR_INTERNET_DISCONNECTED @ https://img.youtube.com/vi/ui7gACnpg3I/hqdefault.jpg:0
[18359402ms] [ERROR] Failed to load resource: net::ERR_INTERNET_DISCONNECTED @ https://img.youtube.com/vi/5zNjk5X0Cn0/hqdefault.jpg:0
[18359402ms] [ERROR] Failed to load resource: net::ERR_INTERNET_DISCONNECTED @ https://img.youtube.com/vi/42n4hit8QcA/hqdefault.jpg:0
[18359402ms] [ERROR] Failed to load resource: net::ERR_INTERNET_DISCONNECTED @ https://img.youtube.com/vi/JkJg7Xv0cdE/hqdefault.jpg:0
[18359402ms] [ERROR] Failed to load resource: net::ERR_INTERNET_DISCONNECTED @ https://img.youtube.com/vi/-FT2dpa8vZE/hqdefault.jpg:0
[18359402ms] [ERROR] Failed to load resource: net::ERR_INTERNET_DISCONNECTED @ https://img.youtube.com/vi/bK2fIxi3Jic/hqdefault.jpg:0
[18359402ms] [ERROR] Failed to load resource: net::ERR_INTERNET_DISCONNECTED @ https://img.youtube.com/vi/FsYuFonZvO4/hqdefault.jpg:0
[18359402ms] [ERROR] Failed to load resource: net::ERR_INTERNET_DISCONNECTED @ https://img.youtube.com/vi/rJHO_YKbqDc/hqdefault.jpg:0
[18359403ms] [ERROR] Failed to load resource: net::ERR_INTERNET_DISCONNECTED @ https://img.youtube.com/vi/xiJ-zby58C8/hqdefault.jpg:0
[18359403ms] [ERROR] Failed to load resource: net::ERR_INTERNET_DISCONNECTED @ https://img.youtube.com/vi/MTOXbSdCO78/hqdefault.jpg:0
[18359403ms] [ERROR] Failed to load resource: net::ERR_INTERNET_DISCONNECTED @ https://img.youtube.com/vi/GkGPa8MrAVQ/hqdefault.jpg:0
[18359403ms] [ERROR] Failed to load resource: net::ERR_INTERNET_DISCONNECTED @ https://img.youtube.com/vi/YUDj_14s7_M/hqdefault.jpg:0
[18359403ms] [ERROR] Failed to load resource: net::ERR_INTERNET_DISCONNECTED @ https://img.youtube.com/vi/BrdXQphx48o/hqdefault.jpg:0
[18359403ms] [ERROR] Failed to load resource: net::ERR_INTERNET_DISCONNECTED @ https://img.youtube.com/vi/s-Y1QCSck1w/hqdefault.jpg:0
[18359403ms] [ERROR] Failed to load resource: net::ERR_INTERNET_DISCONNECTED @ https://img.youtube.com/vi/958YOSahyNw/hqdefault.jpg:0
[18359403ms] [ERROR] Failed to load resource: net::ERR_INTERNET_DISCONNECTED @ https://img.youtube.com/vi/K18rRr5YsOM/hqdefault.jpg:0
[18359404ms] [ERROR] Failed to load resource: net::ERR_INTERNET_DISCONNECTED @ https://img.youtube.com/vi/PEOAj9w4bCI/hqdefault.jpg:0
[18359404ms] [ERROR] Failed to load resource: net::ERR_INTERNET_DISCONNECTED @ https://img.youtube.com/vi/I_msgqMsplg/hqdefault.jpg:0
[18359404ms] [ERROR] Failed to load resource: net::ERR_INTERNET_DISCONNECTED @ https://img.youtube.com/vi/w1RJ0x_6CUo/hqdefault.jpg:0
[18359404ms] [ERROR] Failed to load resource: net::ERR_INTERNET_DISCONNECTED @ https://img.youtube.com/vi/6-GYJWvTkak/hqdefault.jpg:0
[18359404ms] [ERROR] Failed to load resource: net::ERR_INTERNET_DISCONNECTED @ https://img.youtube.com/vi/md-ie6D_AZc/hqdefault.jpg:0
[18359404ms] [ERROR] Failed to load resource: net::ERR_INTERNET_DISCONNECTED @ https://img.youtube.com/vi/lHXtPkhElw4/hqdefault.jpg:0
[18359404ms] [ERROR] Failed to load resource: net::ERR_INTERNET_DISCONNECTED @ https://img.youtube.com/vi/ViilNVorlQo/hqdefault.jpg:0
[18359404ms] [ERROR] Failed to load resource: net::ERR_INTERNET_DISCONNECTED @ https://img.youtube.com/vi/AoGWOB7VchI/hqdefault.jpg:0
[18359404ms] [ERROR] Failed to load resource: net::ERR_INTERNET_DISCONNECTED @ https://img.youtube.com/vi/mxjk0KuEQEo/hqdefault.jpg:0
[18359404ms] [ERROR] Failed to load resource: net::ERR_INTERNET_DISCONNECTED @ https://img.youtube.com/vi/lFIbFLGcB5U/hqdefault.jpg:0
[18359404ms] [ERROR] Failed to load resource: net::ERR_INTERNET_DISCONNECTED @ https://img.youtube.com/vi/vbtUczknubo/hqdefault.jpg:0
[18359404ms] [ERROR] Failed to load resource: net::ERR_INTERNET_DISCONNECTED @ https://img.youtube.com/vi/8N_cx2BEeY0/hqdefault.jpg:0
[18359405ms] [ERROR] Failed to load resource: net::ERR_INTERNET_DISCONNECTED @ https://img.youtube.com/vi/NNv80mMzFDs/hqdefault.jpg:0
[18359405ms] [ERROR] Failed to load resource: net::ERR_INTERNET_DISCONNECTED @ https://img.youtube.com/vi/_fqr8ZtGNsc/hqdefault.jpg:0
[18359405ms] [ERROR] Failed to load resource: net::ERR_INTERNET_DISCONNECTED @ https://img.youtube.com/vi/R64vgkpVo9w/hqdefault.jpg:0
[18359405ms] [ERROR] Failed to load resource: net::ERR_INTERNET_DISCONNECTED @ https://img.youtube.com/vi/azhWSShMSI8/hqdefault.jpg:0
[18359405ms] [ERROR] Failed to load resource: net::ERR_INTERNET_DISCONNECTED @ https://img.youtube.com/vi/JgABZY58m2Q/hqdefault.jpg:0
[18359405ms] [ERROR] Failed to load resource: net::ERR_INTERNET_DISCONNECTED @ https://img.youtube.com/vi/JMae4CU7D8Q/hqdefault.jpg:0
[18359405ms] [ERROR] Failed to load resource: net::ERR_INTERNET_DISCONNECTED @ https://img.youtube.com/vi/4nyq318epjQ/hqdefault.jpg:0
[18359405ms] [ERROR] Failed to load resource: net::ERR_INTERNET_DISCONNECTED @ https://img.youtube.com/vi/3fYDBEWkL1s/hqdefault.jpg:0
[18359405ms] [ERROR] Failed to load resource: net::ERR_INTERNET_DISCONNECTED @ https://img.youtube.com/vi/a0ENfAXKa-Y/hqdefault.jpg:0
[18359405ms] [ERROR] Failed to load resource: net::ERR_INTERNET_DISCONNECTED @ https://img.youtube.com/vi/w8JlCAn-tS0/hqdefault.jpg:0
[18359405ms] [ERROR] Failed to load resource: net::ERR_INTERNET_DISCONNECTED @ https://img.youtube.com/vi/Svomq4WGRqk/hqdefault.jpg:0
[18359405ms] [ERROR] Failed to load resource: net::ERR_INTERNET_DISCONNECTED @ https://img.youtube.com/vi/DV0CokdUMRE/hqdefault.jpg:0
[18359405ms] [ERROR] Failed to load resource: net::ERR_INTERNET_DISCONNECTED @ https://img.youtube.com/vi/As6Sr3OzhzE/hqdefault.jpg:0
[18359405ms] [ERROR] Failed to load resource: net::ERR_INTERNET_DISCONNECTED @ https://img.youtube.com/vi/o1a4h8QHWWA/hqdefault.jpg:0
[18359405ms] [ERROR] Failed to load resource: net::ERR_INTERNET_DISCONNECTED @ https://img.youtube.com/vi/VOw6R1j67i0/hqdefault.jpg:0
[18359405ms] [ERROR] Failed to load resource: net::ERR_INTERNET_DISCONNECTED @ https://img.youtube.com/vi/HFNgmi5jAic/hqdefault.jpg:0
[18359405ms] [ERROR] Failed to load resource: net::ERR_INTERNET_DISCONNECTED @ https://img.youtube.com/vi/TcoSQ1374J0/hqdefault.jpg:0
[18359405ms] [ERROR] Failed to load resource: net::ERR_INTERNET_DISCONNECTED @ https://img.youtube.com/vi/VTMRNNRbQ40/hqdefault.jpg:0
[18359405ms] [ERROR] Failed to load resource: net::ERR_INTERNET_DISCONNECTED @ https://img.youtube.com/vi/8qzFObhqMVk/hqdefault.jpg:0
[18359405ms] [ERROR] Failed to load resource: net::ERR_INTERNET_DISCONNECTED @ https://img.youtube.com/vi/un4_fc9x_bc/hqdefault.jpg:0
[18359406ms] [ERROR] Failed to load resource: net::ERR_INTERNET_DISCONNECTED @ https://img.youtube.com/vi/hrujf6qaTPM/hqdefault.jpg:0
[18359406ms] [ERROR] Failed to load resource: net::ERR_INTERNET_DISCONNECTED @ https://img.youtube.com/vi/ZaJfrlOYnXc/hqdefault.jpg:0
[18359406ms] [ERROR] Failed to load resource: net::ERR_INTERNET_DISCONNECTED @ https://img.youtube.com/vi/CdOiURGDXHs/hqdefault.jpg:0
[18359406ms] [ERROR] Failed to load resource: net::ERR_INTERNET_DISCONNECTED @ https://img.youtube.com/vi/amAO41AZWx0/hqdefault.jpg:0
[18359406ms] [ERROR] Failed to load resource: net::ERR_INTERNET_DISCONNECTED @ https://img.youtube.com/vi/9bLgYFndOfo/hqdefault.jpg:0
[18359406ms] [ERROR] Failed to load resource: net::ERR_INTERNET_DISCONNECTED @ https://img.youtube.com/vi/ocmHaK0Ic74/hqdefault.jpg:0
[18359406ms] [ERROR] Failed to load resource: net::ERR_INTERNET_DISCONNECTED @ https://img.youtube.com/vi/mDWkyiHE1DA/hqdefault.jpg:0
[21415486ms] [ERROR] Failed to load resource: the server responded with a status of 500 (Internal Server Error) @ http://localhost:5174/src/components/dashboard/VideoDetailPanel.jsx?t=1778851896728:0
[21415486ms] [ERROR] [vite] Failed to reload /src/components/dashboard/VideoDetailPanel.jsx. This could be due to syntax errors or importing non-existent modules. (see errors above) @ http://localhost:5174/@vite/client:881
[21539437ms] [ERROR] Failed to load resource: the server responded with a status of 500 (Internal Server Error) @ http://localhost:5174/src/components/dashboard/VideoDetailPanel.jsx?t=1778852015193:0
[21539437ms] [ERROR] [vite] Failed to reload /src/components/dashboard/VideoDetailPanel.jsx. This could be due to syntax errors or importing non-existent modules. (see errors above) @ http://localhost:5174/@vite/client:881
[21539777ms] [ERROR] Failed to load resource: the server responded with a status of 500 (Internal Server Error) @ http://localhost:5174/src/components/dashboard/VideoDetailPanel.jsx?t=1778852015200:0
[21539777ms] [ERROR] [vite] Failed to reload /src/components/dashboard/VideoDetailPanel.jsx. This could be due to syntax errors or importing non-existent modules. (see errors above) @ http://localhost:5174/@vite/client:881
[21539943ms] [ERROR] Failed to load resource: the server responded with a status of 500 (Internal Server Error) @ http://localhost:5174/src/components/dashboard/VideoDetailPanel.jsx?t=1778852015208:0
[21539944ms] [ERROR] [vite] Failed to reload /src/components/dashboard/VideoDetailPanel.jsx. This could be due to syntax errors or importing non-existent modules. (see errors above) @ http://localhost:5174/@vite/client:881
[21540802ms] [ERROR] Failed to load resource: the server responded with a status of 500 (Internal Server Error) @ http://localhost:5174/src/components/dashboard/VideoDetailPanel.jsx:0
[21602417ms] [INFO] %cDownload the React DevTools for a better development experience: https://reactjs.org/link/react-devtools font-weight:bold @ http://localhost:5174/node_modules/.vite/deps/chunk-H343HIDT.js?v=483a61bc:21608
[21602587ms] [INFO] [useVideos] local-first — 72 videos from storage @ http://localhost:5174/src/hooks/useVideos.js:24
[21602807ms] [INFO] [App] channelScan: ׳¡׳¨׳™׳§׳” ׳‘׳•׳¦׳¢׳” ׳‘׳₪׳—׳•׳× ׳-8 ׳©׳¢׳•׳× ג€” ׳׳“׳׳’ @ http://localhost:5174/src/App.jsx?t=1778852082595:48
