[     127ms] [INFO] %cDownload the React DevTools for a better development experience: https://reactjs.org/link/react-devtools font-weight:bold @ http://localhost:5174/node_modules/.vite/deps/chunk-H343HIDT.js?v=d188bb89:21608
[     169ms] [LOG] [chapters-debug] {videoPropId: undefined, videoId: undefined, aiChapters: 0, chaptersCount: 0} @ http://localhost:5174/src/components/dashboard/VideoDetailPanel.jsx?t=1779810052510:1882
[     169ms] [LOG] [political-chapters] rendered chapters count 0 source none videoId undefined @ http://localhost:5174/src/components/dashboard/VideoDetailPanel.jsx?t=1779810052510:1897
[     177ms] [INFO] [useVideos] local-first — 106 videos from storage @ http://localhost:5174/src/hooks/useVideos.js:26
[     298ms] [INFO] [App] channelScan: ׳¡׳¨׳™׳§׳” ׳‘׳•׳¦׳¢׳” ׳‘׳₪׳—׳•׳× ׳-8 ׳©׳¢׳•׳× ג€” ׳׳“׳׳’ @ http://localhost:5174/src/App.jsx?t=1779810052510:54
[   14372ms] [LOG] [chapters-debug] {videoPropId: test_fundamental_001, videoId: test_fundamental_001, aiChapters: 9, chaptersCount: 9} @ http://localhost:5174/src/components/dashboard/VideoDetailPanel.jsx?t=1779810052510:1882
[   14372ms] [LOG] [political-chapters] rendered chapters count 9 source description_timestamp videoId test_fundamental_001 @ http://localhost:5174/src/components/dashboard/VideoDetailPanel.jsx?t=1779810052510:1897
[   14374ms] [LOG] [political-fields] fundamental undefined undefined @ http://localhost:5174/src/components/dashboard/VideoDetailPanel.jsx?t=1779810052510:6976
[   14384ms] [LOG] [topic-inherit] {videoId: test_fundamental_001, channelId: UCSxjNbPriyBh9RNl_QNSAtw, channelUrl: http://www.youtube.com/@Micha.Stocks, channelName: Micha.Stocks, resolvedMainTopicId: t2} @ http://localhost:5174/src/components/dashboard/VideoDetailPanel.jsx?t=1779810052510:1103
[   14471ms] [LOG] [chapters-debug] {videoPropId: test_fundamental_001, videoId: test_fundamental_001, aiChapters: 9, chaptersCount: 9} @ http://localhost:5174/src/components/dashboard/VideoDetailPanel.jsx?t=1779810052510:1882
[   14471ms] [LOG] [political-chapters] rendered chapters count 9 source description_timestamp videoId test_fundamental_001 @ http://localhost:5174/src/components/dashboard/VideoDetailPanel.jsx?t=1779810052510:1897
[   14472ms] [LOG] [political-fields] fundamental undefined undefined @ http://localhost:5174/src/components/dashboard/VideoDetailPanel.jsx?t=1779810052510:6976
[   14479ms] [LOG] [topic-inherit] {videoId: test_fundamental_001, channelId: UCSxjNbPriyBh9RNl_QNSAtw, channelUrl: http://www.youtube.com/@Micha.Stocks, channelName: Micha.Stocks, resolvedMainTopicId: t2} @ http://localhost:5174/src/components/dashboard/VideoDetailPanel.jsx?t=1779810052510:1103
[   14481ms] [LOG] [political-fields] fundamental undefined undefined @ http://localhost:5174/src/components/dashboard/VideoDetailPanel.jsx?t=1779810052510:6976
[   14706ms] [LOG] [political-fields] fundamental undefined undefined @ http://localhost:5174/src/components/dashboard/VideoDetailPanel.jsx?t=1779810052510:6976
[  231964ms] [LOG] [political-fields] fundamental undefined undefined @ http://localhost:5174/src/components/dashboard/VideoDetailPanel.jsx?t=1779810052510:6976
[  231992ms] [LOG] [political-fields] fundamental undefined undefined @ http://localhost:5174/src/components/dashboard/VideoDetailPanel.jsx?t=1779810052510:6976
[  259714ms] [LOG] [political-fields] fundamental undefined undefined @ http://localhost:5174/src/components/dashboard/VideoDetailPanel.jsx?t=1779810052510:6976
[  259738ms] [LOG] [political-fields] fundamental undefined undefined @ http://localhost:5174/src/components/dashboard/VideoDetailPanel.jsx?t=1779810052510:6976
[  312725ms] [LOG] [political-fields] fundamental undefined undefined @ http://localhost:5174/src/components/dashboard/VideoDetailPanel.jsx?t=1779810052510:6976
[  312740ms] [LOG] [political-fields] fundamental undefined undefined @ http://localhost:5174/src/components/dashboard/VideoDetailPanel.jsx?t=1779810052510:6976
[  326883ms] [LOG] [political-fields] fundamental undefined undefined @ http://localhost:5174/src/components/dashboard/VideoDetailPanel.jsx?t=1779810052510:6976
[  326897ms] [LOG] [political-fields] fundamental undefined undefined @ http://localhost:5174/src/components/dashboard/VideoDetailPanel.jsx?t=1779810052510:6976
[  362815ms] [LOG] [chapters-debug] {videoPropId: test_fundamental_001, videoId: test_fundamental_001, aiChapters: 9, chaptersCount: 9} @ http://localhost:5174/src/components/dashboard/VideoDetailPanel.jsx?t=1779810649689:1882
[  362815ms] [LOG] [political-chapters] rendered chapters count 9 source description_timestamp videoId test_fundamental_001 @ http://localhost:5174/src/components/dashboard/VideoDetailPanel.jsx?t=1779810649689:1897
[  362828ms] [LOG] [topic-inherit] {videoId: test_fundamental_001, channelId: UCSxjNbPriyBh9RNl_QNSAtw, channelUrl: http://www.youtube.com/@Micha.Stocks, channelName: Micha.Stocks, resolvedMainTopicId: t2} @ http://localhost:5174/src/components/dashboard/VideoDetailPanel.jsx?t=1779810649689:1103
[  362842ms] [LOG] [chapters-debug] {videoPropId: test_fundamental_001, videoId: test_fundamental_001, aiChapters: 9, chaptersCount: 9} @ http://localhost:5174/src/components/dashboard/VideoDetailPanel.jsx?t=1779810649689:1882
[  362842ms] [LOG] [political-chapters] rendered chapters count 9 source description_timestamp videoId test_fundamental_001 @ http://localhost:5174/src/components/dashboard/VideoDetailPanel.jsx?t=1779810649689:1897
[  362850ms] [LOG] [topic-inherit] {videoId: test_fundamental_001, channelId: UCSxjNbPriyBh9RNl_QNSAtw, channelUrl: http://www.youtube.com/@Micha.Stocks, channelName: Micha.Stocks, resolvedMainTopicId: t2} @ http://localhost:5174/src/components/dashboard/VideoDetailPanel.jsx?t=1779810649689:1103
[ 3100681ms] [LOG] [vite] server connection lost. Polling for restart... @ http://localhost:5174/@vite/client:963
[ 3100691ms] [ERROR] WebSocket connection to 'ws://localhost:5174/' failed: Error in connection establishment: net::ERR_NETWORK_IO_SUSPENDED @ http://localhost:5174/@vite/client:1034
[16355156ms] [INFO] %cDownload the React DevTools for a better development experience: https://reactjs.org/link/react-devtools font-weight:bold @ http://localhost:5174/node_modules/.vite/deps/chunk-H343HIDT.js?v=d188bb89:21608
[16355565ms] [LOG] [chapters-debug] {videoPropId: undefined, videoId: undefined, aiChapters: 0, chaptersCount: 0} @ http://localhost:5174/src/components/dashboard/VideoDetailPanel.jsx?t=1779810649689:1882
[16355566ms] [LOG] [political-chapters] rendered chapters count 0 source none videoId undefined @ http://localhost:5174/src/components/dashboard/VideoDetailPanel.jsx?t=1779810649689:1897
[16355611ms] [INFO] [useVideos] local-first — 105 videos from storage @ http://localhost:5174/src/hooks/useVideos.js:26
[16355939ms] [INFO] [App] channelScan: ׳¡׳¨׳™׳§׳” ׳‘׳•׳¦׳¢׳” ׳‘׳₪׳—׳•׳× ׳-8 ׳©׳¢׳•׳× ג€” ׳׳“׳׳’ @ http://localhost:5174/src/App.jsx?t=1779810649689:54
[16355983ms] [ERROR] Failed to load resource: net::ERR_INTERNET_DISCONNECTED @ https://img.youtube.com/vi/4JffWNvArJk/hqdefault.jpg:0
[16355983ms] [ERROR] Failed to load resource: net::ERR_INTERNET_DISCONNECTED @ https://img.youtube.com/vi/PwDDFH3-jI4/hqdefault.jpg:0
[16355984ms] [ERROR] Failed to load resource: net::ERR_INTERNET_DISCONNECTED @ https://img.youtube.com/vi/TlcRgB_jNh0/hqdefault.jpg:0
[16355984ms] [ERROR] Failed to load resource: net::ERR_INTERNET_DISCONNECTED @ https://img.youtube.com/vi/s6QAXylR2cE/hqdefault.jpg:0
[16355984ms] [ERROR] Failed to load resource: net::ERR_INTERNET_DISCONNECTED @ https://img.youtube.com/vi/rZ3ETAZl0Xw/hqdefault.jpg:0
[16355984ms] [ERROR] Failed to load resource: net::ERR_INTERNET_DISCONNECTED @ https://img.youtube.com/vi/fnAyKx7yEVY/hqdefault.jpg:0
[16356128ms] [ERROR] Failed to load resource: net::ERR_INTERNET_DISCONNECTED @ https://img.youtube.com/vi/AyqhLmgfSh0/hqdefault.jpg:0
[16356128ms] [ERROR] Failed to load resource: net::ERR_INTERNET_DISCONNECTED @ https://img.youtube.com/vi/lvQUloYKkA8/hqdefault.jpg:0
[16356128ms] [ERROR] Failed to load resource: net::ERR_INTERNET_DISCONNECTED @ https://img.youtube.com/vi/mIcO1Z8FjoQ/hqdefault.jpg:0
[16356128ms] [ERROR] Failed to load resource: net::ERR_INTERNET_DISCONNECTED @ https://img.youtube.com/vi/iGdySjDsJdI/hqdefault.jpg:0
[16356128ms] [ERROR] Failed to load resource: net::ERR_INTERNET_DISCONNECTED @ https://img.youtube.com/vi/f3oqEzSPrgw/hqdefault.jpg:0
[16356128ms] [ERROR] Failed to load resource: net::ERR_INTERNET_DISCONNECTED @ https://img.youtube.com/vi/6O_0Qh1eGlU/hqdefault.jpg:0
[16356128ms] [ERROR] Failed to load resource: net::ERR_INTERNET_DISCONNECTED @ https://img.youtube.com/vi/EeQiDbhLbqU/hqdefault.jpg:0
[16356128ms] [ERROR] Failed to load resource: net::ERR_INTERNET_DISCONNECTED @ https://img.youtube.com/vi/0ApULInwV1c/hqdefault.jpg:0
[16356128ms] [ERROR] Failed to load resource: net::ERR_INTERNET_DISCONNECTED @ https://img.youtube.com/vi/XksZCt1wiS8/hqdefault.jpg:0
[16356128ms] [ERROR] Failed to load resource: net::ERR_INTERNET_DISCONNECTED @ https://img.youtube.com/vi/32K1vCn_Ky4/hqdefault.jpg:0
[16356128ms] [ERROR] Failed to load resource: net::ERR_INTERNET_DISCONNECTED @ https://img.youtube.com/vi/DjtYPmGAoqU/hqdefault.jpg:0
[16356128ms] [ERROR] Failed to load resource: net::ERR_INTERNET_DISCONNECTED @ https://img.youtube.com/vi/q77hUq6bEnw/hqdefault.jpg:0
[16356128ms] [ERROR] Failed to load resource: net::ERR_INTERNET_DISCONNECTED @ https://img.youtube.com/vi/SVSaiQmCX5U/hqdefault.jpg:0
[16356128ms] [ERROR] Failed to load resource: net::ERR_INTERNET_DISCONNECTED @ https://img.youtube.com/vi/TAP3NCgbBgY/hqdefault.jpg:0
[16356128ms] [ERROR] Failed to load resource: net::ERR_INTERNET_DISCONNECTED @ https://img.youtube.com/vi/3iNHrQlEPmw/hqdefault.jpg:0
[16356128ms] [ERROR] Failed to load resource: net::ERR_INTERNET_DISCONNECTED @ https://img.youtube.com/vi/tKc0ywEijLI/hqdefault.jpg:0
[16356128ms] [ERROR] Failed to load resource: net::ERR_INTERNET_DISCONNECTED @ https://img.youtube.com/vi/_jOR8y4QYhc/hqdefault.jpg:0
[16356129ms] [ERROR] Failed to load resource: net::ERR_INTERNET_DISCONNECTED @ https://img.youtube.com/vi/e5p2sS43ra4/hqdefault.jpg:0
[16356129ms] [ERROR] Failed to load resource: net::ERR_INTERNET_DISCONNECTED @ https://img.youtube.com/vi/0hKj3EgERvQ/hqdefault.jpg:0
[16356129ms] [ERROR] Failed to load resource: net::ERR_INTERNET_DISCONNECTED @ https://img.youtube.com/vi/Fyvr-reVs6o/hqdefault.jpg:0
[16356129ms] [ERROR] Failed to load resource: net::ERR_INTERNET_DISCONNECTED @ https://img.youtube.com/vi/-Lc2lLxJJiI/hqdefault.jpg:0
[16356129ms] [ERROR] Failed to load resource: net::ERR_INTERNET_DISCONNECTED @ https://img.youtube.com/vi/LV5nhyKoaQ8/hqdefault.jpg:0
[16356129ms] [ERROR] Failed to load resource: net::ERR_INTERNET_DISCONNECTED @ https://img.youtube.com/vi/JvheNltQigo/hqdefault.jpg:0
[16356129ms] [ERROR] Failed to load resource: net::ERR_INTERNET_DISCONNECTED @ https://img.youtube.com/vi/PbSY7ViJBeQ/hqdefault.jpg:0
[16356129ms] [ERROR] Failed to load resource: net::ERR_INTERNET_DISCONNECTED @ https://img.youtube.com/vi/OYe7KvA8vNI/hqdefault.jpg:0
[16356129ms] [ERROR] Failed to load resource: net::ERR_INTERNET_DISCONNECTED @ https://img.youtube.com/vi/gl0BoiMUCHM/hqdefault.jpg:0
[16356129ms] [ERROR] Failed to load resource: net::ERR_INTERNET_DISCONNECTED @ https://img.youtube.com/vi/M94yQOkXxTM/hqdefault.jpg:0
[16356129ms] [ERROR] Failed to load resource: net::ERR_INTERNET_DISCONNECTED @ https://img.youtube.com/vi/t3rgOqsXK0U/hqdefault.jpg:0
[16356129ms] [ERROR] Failed to load resource: net::ERR_INTERNET_DISCONNECTED @ https://img.youtube.com/vi/o8g2FaanEd8/hqdefault.jpg:0
[16356129ms] [ERROR] Failed to load resource: net::ERR_INTERNET_DISCONNECTED @ https://img.youtube.com/vi/P6yeIZzlXJA/hqdefault.jpg:0
[16356129ms] [ERROR] Failed to load resource: net::ERR_INTERNET_DISCONNECTED @ https://img.youtube.com/vi/hXrHlCoQ140/hqdefault.jpg:0
[16356129ms] [ERROR] Failed to load resource: net::ERR_INTERNET_DISCONNECTED @ https://img.youtube.com/vi/AcfvYqhWD3k/hqdefault.jpg:0
[16356129ms] [ERROR] Failed to load resource: net::ERR_INTERNET_DISCONNECTED @ https://img.youtube.com/vi/GrDos-NsK4k/hqdefault.jpg:0
[16356129ms] [ERROR] Failed to load resource: net::ERR_INTERNET_DISCONNECTED @ https://img.youtube.com/vi/n6hoimFRi_s/hqdefault.jpg:0
[16356129ms] [ERROR] Failed to load resource: net::ERR_INTERNET_DISCONNECTED @ https://img.youtube.com/vi/e4la6x8H800/hqdefault.jpg:0
[16356130ms] [ERROR] Failed to load resource: net::ERR_INTERNET_DISCONNECTED @ https://img.youtube.com/vi/f29-mgjP7hM/hqdefault.jpg:0
[16356130ms] [ERROR] Failed to load resource: net::ERR_INTERNET_DISCONNECTED @ https://img.youtube.com/vi/RAyZzsTGbWw/hqdefault.jpg:0
[16356130ms] [ERROR] Failed to load resource: net::ERR_INTERNET_DISCONNECTED @ https://img.youtube.com/vi/-HwW0MpHnxc/hqdefault.jpg:0
[16356130ms] [ERROR] Failed to load resource: net::ERR_INTERNET_DISCONNECTED @ https://img.youtube.com/vi/5kcaMQhTyfQ/hqdefault.jpg:0
[16356130ms] [ERROR] Failed to load resource: net::ERR_INTERNET_DISCONNECTED @ https://img.youtube.com/vi/S5kBp2VgH2Y/hqdefault.jpg:0
[16356130ms] [ERROR] Failed to load resource: net::ERR_INTERNET_DISCONNECTED @ https://img.youtube.com/vi/PGWtY5GI6L8/hqdefault.jpg:0
[16356130ms] [ERROR] Failed to load resource: net::ERR_INTERNET_DISCONNECTED @ https://img.youtube.com/vi/kB5KLcmwcz0/hqdefault.jpg:0
[16356130ms] [ERROR] Failed to load resource: net::ERR_INTERNET_DISCONNECTED @ https://img.youtube.com/vi/BhDllZgpBW8/hqdefault.jpg:0
[16356130ms] [ERROR] Failed to load resource: net::ERR_INTERNET_DISCONNECTED @ https://img.youtube.com/vi/5zNjk5X0Cn0/hqdefault.jpg:0
[16356130ms] [ERROR] Failed to load resource: net::ERR_INTERNET_DISCONNECTED @ https://img.youtube.com/vi/gfBep9GapZg/hqdefault.jpg:0
[16356130ms] [ERROR] Failed to load resource: net::ERR_INTERNET_DISCONNECTED @ https://img.youtube.com/vi/ui7gACnpg3I/hqdefault.jpg:0
[16356130ms] [ERROR] Failed to load resource: net::ERR_INTERNET_DISCONNECTED @ https://img.youtube.com/vi/42n4hit8QcA/hqdefault.jpg:0
[16356130ms] [ERROR] Failed to load resource: net::ERR_INTERNET_DISCONNECTED @ https://img.youtube.com/vi/JkJg7Xv0cdE/hqdefault.jpg:0
[16356130ms] [ERROR] Failed to load resource: net::ERR_INTERNET_DISCONNECTED @ https://img.youtube.com/vi/FsYuFonZvO4/hqdefault.jpg:0
[16356130ms] [ERROR] Failed to load resource: net::ERR_INTERNET_DISCONNECTED @ https://img.youtube.com/vi/-FT2dpa8vZE/hqdefault.jpg:0
[16356130ms] [ERROR] Failed to load resource: net::ERR_INTERNET_DISCONNECTED @ https://img.youtube.com/vi/rJHO_YKbqDc/hqdefault.jpg:0
[16356130ms] [ERROR] Failed to load resource: net::ERR_INTERNET_DISCONNECTED @ https://img.youtube.com/vi/bK2fIxi3Jic/hqdefault.jpg:0
[16356130ms] [ERROR] Failed to load resource: net::ERR_INTERNET_DISCONNECTED @ https://img.youtube.com/vi/xiJ-zby58C8/hqdefault.jpg:0
[16356130ms] [ERROR] Failed to load resource: net::ERR_INTERNET_DISCONNECTED @ https://img.youtube.com/vi/MTOXbSdCO78/hqdefault.jpg:0
[16356130ms] [ERROR] Failed to load resource: net::ERR_INTERNET_DISCONNECTED @ https://img.youtube.com/vi/GkGPa8MrAVQ/hqdefault.jpg:0
[16356131ms] [ERROR] Failed to load resource: net::ERR_INTERNET_DISCONNECTED @ https://img.youtube.com/vi/BrdXQphx48o/hqdefault.jpg:0
[16356131ms] [ERROR] Failed to load resource: net::ERR_INTERNET_DISCONNECTED @ https://img.youtube.com/vi/YUDj_14s7_M/hqdefault.jpg:0
[16356131ms] [ERROR] Failed to load resource: net::ERR_INTERNET_DISCONNECTED @ https://img.youtube.com/vi/s-Y1QCSck1w/hqdefault.jpg:0
[16356131ms] [ERROR] Failed to load resource: net::ERR_INTERNET_DISCONNECTED @ https://img.youtube.com/vi/958YOSahyNw/hqdefault.jpg:0
[16356131ms] [ERROR] Failed to load resource: net::ERR_INTERNET_DISCONNECTED @ https://img.youtube.com/vi/K18rRr5YsOM/hqdefault.jpg:0
[16356131ms] [ERROR] Failed to load resource: net::ERR_INTERNET_DISCONNECTED @ https://img.youtube.com/vi/PEOAj9w4bCI/hqdefault.jpg:0
[16356131ms] [ERROR] Failed to load resource: net::ERR_INTERNET_DISCONNECTED @ https://img.youtube.com/vi/I_msgqMsplg/hqdefault.jpg:0
[16356131ms] [ERROR] Failed to load resource: net::ERR_INTERNET_DISCONNECTED @ https://img.youtube.com/vi/w1RJ0x_6CUo/hqdefault.jpg:0
[16356131ms] [ERROR] Failed to load resource: net::ERR_INTERNET_DISCONNECTED @ https://img.youtube.com/vi/6-GYJWvTkak/hqdefault.jpg:0
[16356131ms] [ERROR] Failed to load resource: net::ERR_INTERNET_DISCONNECTED @ https://img.youtube.com/vi/lHXtPkhElw4/hqdefault.jpg:0
[16356131ms] [ERROR] Failed to load resource: net::ERR_INTERNET_DISCONNECTED @ https://img.youtube.com/vi/md-ie6D_AZc/hqdefault.jpg:0
[16356131ms] [ERROR] Failed to load resource: net::ERR_INTERNET_DISCONNECTED @ https://img.youtube.com/vi/ViilNVorlQo/hqdefault.jpg:0
[16356131ms] [ERROR] Failed to load resource: net::ERR_INTERNET_DISCONNECTED @ https://img.youtube.com/vi/AoGWOB7VchI/hqdefault.jpg:0
[16356131ms] [ERROR] Failed to load resource: net::ERR_INTERNET_DISCONNECTED @ https://img.youtube.com/vi/8N_cx2BEeY0/hqdefault.jpg:0
[16356131ms] [ERROR] Failed to load resource: net::ERR_INTERNET_DISCONNECTED @ https://img.youtube.com/vi/mxjk0KuEQEo/hqdefault.jpg:0
[16356131ms] [ERROR] Failed to load resource: net::ERR_INTERNET_DISCONNECTED @ https://img.youtube.com/vi/vbtUczknubo/hqdefault.jpg:0
[16356131ms] [ERROR] Failed to load resource: net::ERR_INTERNET_DISCONNECTED @ https://img.youtube.com/vi/lFIbFLGcB5U/hqdefault.jpg:0
[16356132ms] [ERROR] Failed to load resource: net::ERR_INTERNET_DISCONNECTED @ https://img.youtube.com/vi/R64vgkpVo9w/hqdefault.jpg:0
[16356132ms] [ERROR] Failed to load resource: net::ERR_INTERNET_DISCONNECTED @ https://img.youtube.com/vi/_fqr8ZtGNsc/hqdefault.jpg:0
[16356132ms] [ERROR] Failed to load resource: net::ERR_INTERNET_DISCONNECTED @ https://img.youtube.com/vi/NNv80mMzFDs/hqdefault.jpg:0
[16356132ms] [ERROR] Failed to load resource: net::ERR_INTERNET_DISCONNECTED @ https://img.youtube.com/vi/azhWSShMSI8/hqdefault.jpg:0
[16356132ms] [ERROR] Failed to load resource: net::ERR_INTERNET_DISCONNECTED @ https://img.youtube.com/vi/JgABZY58m2Q/hqdefault.jpg:0
[16356132ms] [ERROR] Failed to load resource: net::ERR_INTERNET_DISCONNECTED @ https://img.youtube.com/vi/JMae4CU7D8Q/hqdefault.jpg:0
[16356132ms] [ERROR] Failed to load resource: net::ERR_INTERNET_DISCONNECTED @ https://img.youtube.com/vi/3fYDBEWkL1s/hqdefault.jpg:0
[16356132ms] [ERROR] Failed to load resource: net::ERR_INTERNET_DISCONNECTED @ https://img.youtube.com/vi/4nyq318epjQ/hqdefault.jpg:0
[16356132ms] [ERROR] Failed to load resource: net::ERR_INTERNET_DISCONNECTED @ https://img.youtube.com/vi/w8JlCAn-tS0/hqdefault.jpg:0
[16356132ms] [ERROR] Failed to load resource: net::ERR_INTERNET_DISCONNECTED @ https://img.youtube.com/vi/a0ENfAXKa-Y/hqdefault.jpg:0
[16356132ms] [ERROR] Failed to load resource: net::ERR_INTERNET_DISCONNECTED @ https://img.youtube.com/vi/Svomq4WGRqk/hqdefault.jpg:0
[16356132ms] [ERROR] Failed to load resource: net::ERR_INTERNET_DISCONNECTED @ https://img.youtube.com/vi/As6Sr3OzhzE/hqdefault.jpg:0
[16356132ms] [ERROR] Failed to load resource: net::ERR_INTERNET_DISCONNECTED @ https://img.youtube.com/vi/DV0CokdUMRE/hqdefault.jpg:0
[16356132ms] [ERROR] Failed to load resource: net::ERR_INTERNET_DISCONNECTED @ https://img.youtube.com/vi/o1a4h8QHWWA/hqdefault.jpg:0
[16356132ms] [ERROR] Failed to load resource: net::ERR_INTERNET_DISCONNECTED @ https://img.youtube.com/vi/VOw6R1j67i0/hqdefault.jpg:0
[16356132ms] [ERROR] Failed to load resource: net::ERR_INTERNET_DISCONNECTED @ https://img.youtube.com/vi/TcoSQ1374J0/hqdefault.jpg:0
[16356133ms] [ERROR] Failed to load resource: net::ERR_INTERNET_DISCONNECTED @ https://img.youtube.com/vi/HFNgmi5jAic/hqdefault.jpg:0
[16356133ms] [ERROR] Failed to load resource: net::ERR_INTERNET_DISCONNECTED @ https://img.youtube.com/vi/VTMRNNRbQ40/hqdefault.jpg:0
[16356133ms] [ERROR] Failed to load resource: net::ERR_INTERNET_DISCONNECTED @ https://img.youtube.com/vi/8qzFObhqMVk/hqdefault.jpg:0
[16356133ms] [ERROR] Failed to load resource: net::ERR_INTERNET_DISCONNECTED @ https://img.youtube.com/vi/hrujf6qaTPM/hqdefault.jpg:0
[16356133ms] [ERROR] Failed to load resource: net::ERR_INTERNET_DISCONNECTED @ https://img.youtube.com/vi/un4_fc9x_bc/hqdefault.jpg:0
[16356133ms] [ERROR] Failed to load resource: net::ERR_INTERNET_DISCONNECTED @ https://img.youtube.com/vi/ZaJfrlOYnXc/hqdefault.jpg:0
[16356133ms] [ERROR] Failed to load resource: net::ERR_INTERNET_DISCONNECTED @ https://img.youtube.com/vi/amAO41AZWx0/hqdefault.jpg:0
[16356133ms] [ERROR] Failed to load resource: net::ERR_INTERNET_DISCONNECTED @ https://img.youtube.com/vi/9bLgYFndOfo/hqdefault.jpg:0
[16356133ms] [ERROR] Failed to load resource: net::ERR_INTERNET_DISCONNECTED @ https://img.youtube.com/vi/CdOiURGDXHs/hqdefault.jpg:0
[16356133ms] [ERROR] Failed to load resource: net::ERR_INTERNET_DISCONNECTED @ https://img.youtube.com/vi/ocmHaK0Ic74/hqdefault.jpg:0
[16356133ms] [ERROR] Failed to load resource: net::ERR_INTERNET_DISCONNECTED @ https://img.youtube.com/vi/mDWkyiHE1DA/hqdefault.jpg:0
[17020405ms] [LOG] [chapters-debug] {videoPropId: undefined, videoId: undefined, aiChapters: 0, chaptersCount: 0} @ http://localhost:5174/src/components/dashboard/VideoDetailPanel.jsx?t=1779827307251:1884
[17020405ms] [LOG] [political-chapters] rendered chapters count 0 source none videoId undefined @ http://localhost:5174/src/components/dashboard/VideoDetailPanel.jsx?t=1779827307251:1899
[17027635ms] [LOG] [chapters-debug] {videoPropId: undefined, videoId: undefined, aiChapters: 0, chaptersCount: 0} @ http://localhost:5174/src/components/dashboard/VideoDetailPanel.jsx?t=1779827314637:1884
[17027635ms] [LOG] [political-chapters] rendered chapters count 0 source none videoId undefined @ http://localhost:5174/src/components/dashboard/VideoDetailPanel.jsx?t=1779827314637:1899
[17054274ms] [LOG] [chapters-debug] {videoPropId: undefined, videoId: undefined, aiChapters: 0, chaptersCount: 0} @ http://localhost:5174/src/components/dashboard/VideoDetailPanel.jsx?t=1779827341262:1884
[17054274ms] [LOG] [political-chapters] rendered chapters count 0 source none videoId undefined @ http://localhost:5174/src/components/dashboard/VideoDetailPanel.jsx?t=1779827341262:1899
[17069353ms] [LOG] [chapters-debug] {videoPropId: undefined, videoId: undefined, aiChapters: 0, chaptersCount: 0} @ http://localhost:5174/src/components/dashboard/VideoDetailPanel.jsx?t=1779827356395:1884
[17069354ms] [LOG] [political-chapters] rendered chapters count 0 source none videoId undefined @ http://localhost:5174/src/components/dashboard/VideoDetailPanel.jsx?t=1779827356395:1899
[17077937ms] [LOG] [chapters-debug] {videoPropId: undefined, videoId: undefined, aiChapters: 0, chaptersCount: 0} @ http://localhost:5174/src/components/dashboard/VideoDetailPanel.jsx?t=1779827364976:1884
[17077938ms] [LOG] [political-chapters] rendered chapters count 0 source none videoId undefined @ http://localhost:5174/src/components/dashboard/VideoDetailPanel.jsx?t=1779827364976:1899
