[      99ms] [INFO] %cDownload the React DevTools for a better development experience: https://reactjs.org/link/react-devtools font-weight:bold @ http://localhost:5184/node_modules/.vite/deps/chunk-SXRIVT2P.js?v=a9ccdb68:21608
[     146ms] [INFO] [App] autoRssSync: סנכרון בוצע בפחות מ-8 שעות — מדלג @ http://localhost:5184/src/App.jsx?t=1777703264261:44
[     383ms] [ERROR] Failed to load resource: the server responded with a status of 401 (Unauthorized) @ http://localhost:5184/api/apps/69c03636eaa02b23de4465b5/entities/User/me:0
[     384ms] [ERROR] [Base44 SDK Error] 401: Authentication required to view users @ http://localhost:5184/node_modules/.vite/deps/@base44_sdk.js?v=a9ccdb68:3593
[     384ms] [ERROR] Error data: {
  "message": "Authentication required to view users",
  "detail": "You must be logged in to perform this operation.",
  "traceback": null,
  "extra_data": null,
  "request_id": null
} @ http://localhost:5184/node_modules/.vite/deps/@base44_sdk.js?v=a9ccdb68:3596
[     706ms] [ERROR] Failed to load resource: the server responded with a status of 404 (Not Found) @ http://localhost:5184/api/apps/69c03636eaa02b23de4465b5/entities/Note?q=%7B%22videoId%22:%2269f551dde6972985542890cc%22%7D:0
[     707ms] [ERROR] [Base44 SDK Error] 404: Entity schema Note not found in app @ http://localhost:5184/node_modules/.vite/deps/@base44_sdk.js?v=a9ccdb68:3593
[     707ms] [ERROR] Error data: {
  "message": "Entity schema Note not found in app",
  "detail": null,
  "traceback": null,
  "extra_data": null,
  "request_id": null
} @ http://localhost:5184/node_modules/.vite/deps/@base44_sdk.js?v=a9ccdb68:3596
[     722ms] [ERROR] Failed to load resource: the server responded with a status of 404 (Not Found) @ http://localhost:5184/api/apps/69c03636eaa02b23de4465b5/entities/Note?q=%7B%22videoId%22:%2269f55202fcc10c1c22b4c7a5%22%7D:0
[     722ms] [ERROR] [Base44 SDK Error] 404: Entity schema Note not found in app @ http://localhost:5184/node_modules/.vite/deps/@base44_sdk.js?v=a9ccdb68:3593
[     722ms] [ERROR] Error data: {
  "message": "Entity schema Note not found in app",
  "detail": null,
  "traceback": null,
  "extra_data": null,
  "request_id": null
} @ http://localhost:5184/node_modules/.vite/deps/@base44_sdk.js?v=a9ccdb68:3596
[     723ms] [ERROR] Failed to load resource: the server responded with a status of 404 (Not Found) @ http://localhost:5184/api/apps/69c03636eaa02b23de4465b5/entities/Note?q=%7B%22videoId%22:%2269f551dc1efd4e64f6914d2d%22%7D:0
[     723ms] [ERROR] [Base44 SDK Error] 404: Entity schema Note not found in app @ http://localhost:5184/node_modules/.vite/deps/@base44_sdk.js?v=a9ccdb68:3593
[     723ms] [ERROR] Error data: {
  "message": "Entity schema Note not found in app",
  "detail": null,
  "traceback": null,
  "extra_data": null,
  "request_id": null
} @ http://localhost:5184/node_modules/.vite/deps/@base44_sdk.js?v=a9ccdb68:3596
[     731ms] [ERROR] Failed to load resource: the server responded with a status of 404 (Not Found) @ http://localhost:5184/api/apps/69c03636eaa02b23de4465b5/entities/Note?q=%7B%22videoId%22:%2269f55201a221de5bd3f4f081%22%7D:0
[     731ms] [ERROR] [Base44 SDK Error] 404: Entity schema Note not found in app @ http://localhost:5184/node_modules/.vite/deps/@base44_sdk.js?v=a9ccdb68:3593
[     732ms] [ERROR] Error data: {
  "message": "Entity schema Note not found in app",
  "detail": null,
  "traceback": null,
  "extra_data": null,
  "request_id": null
} @ http://localhost:5184/node_modules/.vite/deps/@base44_sdk.js?v=a9ccdb68:3596
[     732ms] [ERROR] Failed to load resource: the server responded with a status of 404 (Not Found) @ http://localhost:5184/api/apps/69c03636eaa02b23de4465b5/entities/Note?q=%7B%22videoId%22:%2269f551eec81f8166c63b12c1%22%7D:0
[     732ms] [ERROR] [Base44 SDK Error] 404: Entity schema Note not found in app @ http://localhost:5184/node_modules/.vite/deps/@base44_sdk.js?v=a9ccdb68:3593
[     732ms] [ERROR] Error data: {
  "message": "Entity schema Note not found in app",
  "detail": null,
  "traceback": null,
  "extra_data": null,
  "request_id": null
} @ http://localhost:5184/node_modules/.vite/deps/@base44_sdk.js?v=a9ccdb68:3596
[     924ms] [ERROR] Failed to load resource: the server responded with a status of 404 (Not Found) @ http://localhost:5184/api/apps/69c03636eaa02b23de4465b5/entities/Note?q=%7B%22videoId%22:%2269f551dd34c7432b309e0b98%22%7D:0
[     925ms] [ERROR] [Base44 SDK Error] 404: Entity schema Note not found in app @ http://localhost:5184/node_modules/.vite/deps/@base44_sdk.js?v=a9ccdb68:3593
[     925ms] [ERROR] Error data: {
  "message": "Entity schema Note not found in app",
  "detail": null,
  "traceback": null,
  "extra_data": null,
  "request_id": null
} @ http://localhost:5184/node_modules/.vite/deps/@base44_sdk.js?v=a9ccdb68:3596
[     981ms] [ERROR] Failed to load resource: the server responded with a status of 404 (Not Found) @ http://localhost:5184/api/apps/69c03636eaa02b23de4465b5/entities/Note?q=%7B%22videoId%22:%2269f551ee5e2c6762249f99a7%22%7D:0
[     982ms] [ERROR] [Base44 SDK Error] 404: Entity schema Note not found in app @ http://localhost:5184/node_modules/.vite/deps/@base44_sdk.js?v=a9ccdb68:3593
[     982ms] [ERROR] Error data: {
  "message": "Entity schema Note not found in app",
  "detail": null,
  "traceback": null,
  "extra_data": null,
  "request_id": null
} @ http://localhost:5184/node_modules/.vite/deps/@base44_sdk.js?v=a9ccdb68:3596
[     991ms] [ERROR] Failed to load resource: the server responded with a status of 404 (Not Found) @ http://localhost:5184/api/apps/69c03636eaa02b23de4465b5/entities/Note?q=%7B%22videoId%22:%2269f551deac60b0104708bb51%22%7D:0
[     992ms] [ERROR] [Base44 SDK Error] 404: Entity schema Note not found in app @ http://localhost:5184/node_modules/.vite/deps/@base44_sdk.js?v=a9ccdb68:3593
[     992ms] [ERROR] Error data: {
  "message": "Entity schema Note not found in app",
  "detail": null,
  "traceback": null,
  "extra_data": null,
  "request_id": null
} @ http://localhost:5184/node_modules/.vite/deps/@base44_sdk.js?v=a9ccdb68:3596
[     998ms] [ERROR] Failed to load resource: the server responded with a status of 404 (Not Found) @ http://localhost:5184/api/apps/69c03636eaa02b23de4465b5/entities/Note?q=%7B%22videoId%22:%2269f55202b057ffcffb91bbcf%22%7D:0
[     999ms] [ERROR] [Base44 SDK Error] 404: Entity schema Note not found in app @ http://localhost:5184/node_modules/.vite/deps/@base44_sdk.js?v=a9ccdb68:3593
[     999ms] [ERROR] Error data: {
  "message": "Entity schema Note not found in app",
  "detail": null,
  "traceback": null,
  "extra_data": null,
  "request_id": null
} @ http://localhost:5184/node_modules/.vite/deps/@base44_sdk.js?v=a9ccdb68:3596
[    1002ms] [ERROR] Failed to load resource: the server responded with a status of 404 (Not Found) @ http://localhost:5184/api/apps/69c03636eaa02b23de4465b5/entities/Note?q=%7B%22videoId%22:%2269f551dd14f40d7c4c0837f3%22%7D:0
[    1002ms] [ERROR] [Base44 SDK Error] 404: Entity schema Note not found in app @ http://localhost:5184/node_modules/.vite/deps/@base44_sdk.js?v=a9ccdb68:3593
[    1002ms] [ERROR] Error data: {
  "message": "Entity schema Note not found in app",
  "detail": null,
  "traceback": null,
  "extra_data": null,
  "request_id": null
} @ http://localhost:5184/node_modules/.vite/deps/@base44_sdk.js?v=a9ccdb68:3596
[    1003ms] [ERROR] Failed to load resource: the server responded with a status of 404 (Not Found) @ http://localhost:5184/api/apps/69c03636eaa02b23de4465b5/entities/Note?q=%7B%22videoId%22:%2269f552026a50f4fddcaf3d26%22%7D:0
[    1003ms] [ERROR] [Base44 SDK Error] 404: Entity schema Note not found in app @ http://localhost:5184/node_modules/.vite/deps/@base44_sdk.js?v=a9ccdb68:3593
[    1003ms] [ERROR] Error data: {
  "message": "Entity schema Note not found in app",
  "detail": null,
  "traceback": null,
  "extra_data": null,
  "request_id": null
} @ http://localhost:5184/node_modules/.vite/deps/@base44_sdk.js?v=a9ccdb68:3596
[    1216ms] [ERROR] Failed to load resource: the server responded with a status of 404 (Not Found) @ http://localhost:5184/api/apps/69c03636eaa02b23de4465b5/entities/Note?q=%7B%22videoId%22:%2269f55203f277ddc71ae696a8%22%7D:0
[    1217ms] [ERROR] [Base44 SDK Error] 404: Entity schema Note not found in app @ http://localhost:5184/node_modules/.vite/deps/@base44_sdk.js?v=a9ccdb68:3593
[    1217ms] [ERROR] Error data: {
  "message": "Entity schema Note not found in app",
  "detail": null,
  "traceback": null,
  "extra_data": null,
  "request_id": null
} @ http://localhost:5184/node_modules/.vite/deps/@base44_sdk.js?v=a9ccdb68:3596
[    1253ms] [ERROR] Failed to load resource: the server responded with a status of 404 (Not Found) @ http://localhost:5184/api/apps/69c03636eaa02b23de4465b5/entities/Note?q=%7B%22videoId%22:%2269f551ef25b41d504725d19b%22%7D:0
[    1253ms] [ERROR] [Base44 SDK Error] 404: Entity schema Note not found in app @ http://localhost:5184/node_modules/.vite/deps/@base44_sdk.js?v=a9ccdb68:3593
[    1253ms] [ERROR] Error data: {
  "message": "Entity schema Note not found in app",
  "detail": null,
  "traceback": null,
  "extra_data": null,
  "request_id": null
} @ http://localhost:5184/node_modules/.vite/deps/@base44_sdk.js?v=a9ccdb68:3596
[    1271ms] [ERROR] Failed to load resource: the server responded with a status of 404 (Not Found) @ http://localhost:5184/api/apps/69c03636eaa02b23de4465b5/entities/Note?q=%7B%22videoId%22:%2269f551ef484bf1fa43e1c684%22%7D:0
[    1272ms] [ERROR] [Base44 SDK Error] 404: Entity schema Note not found in app @ http://localhost:5184/node_modules/.vite/deps/@base44_sdk.js?v=a9ccdb68:3593
[    1272ms] [ERROR] Error data: {
  "message": "Entity schema Note not found in app",
  "detail": null,
  "traceback": null,
  "extra_data": null,
  "request_id": null
} @ http://localhost:5184/node_modules/.vite/deps/@base44_sdk.js?v=a9ccdb68:3596
[    1274ms] [ERROR] Failed to load resource: the server responded with a status of 404 (Not Found) @ http://localhost:5184/api/apps/69c03636eaa02b23de4465b5/entities/Note?q=%7B%22videoId%22:%2269f54ed210b7f42730f32150%22%7D:0
[    1275ms] [ERROR] [Base44 SDK Error] 404: Entity schema Note not found in app @ http://localhost:5184/node_modules/.vite/deps/@base44_sdk.js?v=a9ccdb68:3593
[    1275ms] [ERROR] Error data: {
  "message": "Entity schema Note not found in app",
  "detail": null,
  "traceback": null,
  "extra_data": null,
  "request_id": null
} @ http://localhost:5184/node_modules/.vite/deps/@base44_sdk.js?v=a9ccdb68:3596
[    1278ms] [ERROR] Failed to load resource: the server responded with a status of 404 (Not Found) @ http://localhost:5184/api/apps/69c03636eaa02b23de4465b5/entities/Note?q=%7B%22videoId%22:%2269f54ed20bb5e1012fa2b749%22%7D:0
[    1278ms] [ERROR] [Base44 SDK Error] 404: Entity schema Note not found in app @ http://localhost:5184/node_modules/.vite/deps/@base44_sdk.js?v=a9ccdb68:3593
[    1278ms] [ERROR] Error data: {
  "message": "Entity schema Note not found in app",
  "detail": null,
  "traceback": null,
  "extra_data": null,
  "request_id": null
} @ http://localhost:5184/node_modules/.vite/deps/@base44_sdk.js?v=a9ccdb68:3596
[    1302ms] [ERROR] Failed to load resource: the server responded with a status of 404 (Not Found) @ http://localhost:5184/api/apps/69c03636eaa02b23de4465b5/entities/Note?q=%7B%22videoId%22:%2269f551ef34c7432b309e0ba0%22%7D:0
[    1302ms] [ERROR] [Base44 SDK Error] 404: Entity schema Note not found in app @ http://localhost:5184/node_modules/.vite/deps/@base44_sdk.js?v=a9ccdb68:3593
[    1302ms] [ERROR] Error data: {
  "message": "Entity schema Note not found in app",
  "detail": null,
  "traceback": null,
  "extra_data": null,
  "request_id": null
} @ http://localhost:5184/node_modules/.vite/deps/@base44_sdk.js?v=a9ccdb68:3596
[    1484ms] [ERROR] Failed to load resource: the server responded with a status of 404 (Not Found) @ http://localhost:5184/api/apps/69c03636eaa02b23de4465b5/entities/Note?q=%7B%22videoId%22:%2269f54ed2c1b7fae10fdebe9b%22%7D:0
[    1485ms] [ERROR] [Base44 SDK Error] 404: Entity schema Note not found in app @ http://localhost:5184/node_modules/.vite/deps/@base44_sdk.js?v=a9ccdb68:3593
[    1485ms] [ERROR] Error data: {
  "message": "Entity schema Note not found in app",
  "detail": null,
  "traceback": null,
  "extra_data": null,
  "request_id": null
} @ http://localhost:5184/node_modules/.vite/deps/@base44_sdk.js?v=a9ccdb68:3596
[    1515ms] [ERROR] Failed to load resource: the server responded with a status of 404 (Not Found) @ http://localhost:5184/api/apps/69c03636eaa02b23de4465b5/entities/Note?q=%7B%22videoId%22:%2269f54ed3727da8a9fdf63bd8%22%7D:0
[    1515ms] [ERROR] [Base44 SDK Error] 404: Entity schema Note not found in app @ http://localhost:5184/node_modules/.vite/deps/@base44_sdk.js?v=a9ccdb68:3593
[    1515ms] [ERROR] Error data: {
  "message": "Entity schema Note not found in app",
  "detail": null,
  "traceback": null,
  "extra_data": null,
  "request_id": null
} @ http://localhost:5184/node_modules/.vite/deps/@base44_sdk.js?v=a9ccdb68:3596
[    1590ms] [ERROR] Failed to load resource: the server responded with a status of 404 (Not Found) @ http://localhost:5184/api/apps/69c03636eaa02b23de4465b5/entities/Note?q=%7B%22videoId%22:%2269f54ed3534564bc2d4f3b20%22%7D:0
[    1591ms] [ERROR] [Base44 SDK Error] 404: Entity schema Note not found in app @ http://localhost:5184/node_modules/.vite/deps/@base44_sdk.js?v=a9ccdb68:3593
[    1591ms] [ERROR] Error data: {
  "message": "Entity schema Note not found in app",
  "detail": null,
  "traceback": null,
  "extra_data": null,
  "request_id": null
} @ http://localhost:5184/node_modules/.vite/deps/@base44_sdk.js?v=a9ccdb68:3596
[ 4336874ms] [LOG] [vite] server connection lost. Polling for restart... @ http://localhost:5184/@vite/client:963
[ 4336897ms] [ERROR] WebSocket connection to 'ws://localhost:5184/' failed: Error in connection establishment: net::ERR_NETWORK_IO_SUSPENDED @ http://localhost:5184/@vite/client:1034
[ 7862438ms] [INFO] %cDownload the React DevTools for a better development experience: https://reactjs.org/link/react-devtools font-weight:bold @ http://localhost:5184/node_modules/.vite/deps/chunk-SXRIVT2P.js?v=a9ccdb68:21608
[ 7862636ms] [ERROR] Failed to load resource: the server responded with a status of 500 (Internal Server Error) @ http://localhost:5184/api/apps/69c03636eaa02b23de4465b5/entities/User/me:0
[ 7862645ms] [ERROR] [Base44 SDK Error] 500: Request failed with status code 500 @ http://localhost:5184/node_modules/.vite/deps/@base44_sdk.js?v=a9ccdb68:3593
[ 7862671ms] [INFO] [App] autoRssSync: סנכרון בוצע בפחות מ-8 שעות — מדלג @ http://localhost:5184/src/App.jsx?t=1777703264261:44
[ 7862679ms] [ERROR] Failed to load resource: the server responded with a status of 500 (Internal Server Error) @ http://localhost:5184/api/apps/69c03636eaa02b23de4465b5/entities/Topic:0
[ 7862679ms] [ERROR] [Base44 SDK Error] 500: Request failed with status code 500 @ http://localhost:5184/node_modules/.vite/deps/@base44_sdk.js?v=a9ccdb68:3593
[ 7862680ms] [WARNING] [useTopics] Base44 unavailable — using mock data: Request failed with status code 500 @ http://localhost:5184/src/hooks/useTopics.js:13
[ 7862686ms] [ERROR] Failed to load resource: the server responded with a status of 500 (Internal Server Error) @ http://localhost:5184/api/apps/69c03636eaa02b23de4465b5/analytics/track/batch:0
[ 7862688ms] [ERROR] [Base44 SDK Error] 500: Request failed with status code 500 @ http://localhost:5184/node_modules/.vite/deps/@base44_sdk.js?v=a9ccdb68:3593
[ 7862694ms] [ERROR] Failed to load resource: the server responded with a status of 500 (Internal Server Error) @ http://localhost:5184/api/apps/69c03636eaa02b23de4465b5/entities/Video?sort=-publishedAt:0
[ 7862696ms] [ERROR] [Base44 SDK Error] 500: Request failed with status code 500 @ http://localhost:5184/node_modules/.vite/deps/@base44_sdk.js?v=a9ccdb68:3593
[ 7862698ms] [WARNING] [useVideos] Base44 unavailable — using mock data @ http://localhost:5184/src/hooks/useVideos.js?t=1777703211291:24
[ 7862699ms] [ERROR] Failed to load resource: the server responded with a status of 500 (Internal Server Error) @ http://localhost:5184/api/apps/69c03636eaa02b23de4465b5/entities/Category:0
[ 7862699ms] [ERROR] [Base44 SDK Error] 500: Request failed with status code 500 @ http://localhost:5184/node_modules/.vite/deps/@base44_sdk.js?v=a9ccdb68:3593
[ 7862700ms] [WARNING] [useCategories] Base44 unavailable — using mock data: Request failed with status code 500 @ http://localhost:5184/src/hooks/useCategories.js:12
[ 7862880ms] [ERROR] Failed to load resource: net::ERR_INTERNET_DISCONNECTED @ https://placehold.co/480x270/1d4ed8/ffffff?text=%D7%91%D7%95%D7%A8%D7%A1%D7%94+%D7%92%D7%A8%D7%A3:0
[ 7862880ms] [ERROR] Failed to load resource: net::ERR_INTERNET_DISCONNECTED @ https://placehold.co/480x270/0e7490/ffffff?text=Micha.Stocks:0
[ 7862880ms] [ERROR] Failed to load resource: net::ERR_INTERNET_DISCONNECTED @ https://placehold.co/480x270/7c3aed/ffffff?text=Ed+Hill+AI:0
[ 7862880ms] [ERROR] Failed to load resource: net::ERR_INTERNET_DISCONNECTED @ https://placehold.co/480x270/0f766e/ffffff?text=Automation+Tribe:0
[ 7862880ms] [ERROR] Failed to load resource: net::ERR_INTERNET_DISCONNECTED @ https://placehold.co/480x270/6d28d9/ffffff?text=AI+Andy:0
[ 7862881ms] [ERROR] Failed to load resource: net::ERR_INTERNET_DISCONNECTED @ https://placehold.co/480x270/155e75/ffffff?text=Hasidic+Trader:0
[ 7862881ms] [ERROR] Failed to load resource: net::ERR_INTERNET_DISCONNECTED @ https://placehold.co/480x270/4c1d95/ffffff?text=Aimprove:0
[ 7862881ms] [ERROR] Failed to load resource: net::ERR_INTERNET_DISCONNECTED @ https://placehold.co/480x270/5b21b6/ffffff?text=Eden+Bibas:0
[ 7862881ms] [ERROR] Failed to load resource: net::ERR_INTERNET_DISCONNECTED @ https://placehold.co/480x270/065f46/ffffff?text=Oliver+Velez:0
[ 7862881ms] [ERROR] Failed to load resource: net::ERR_INTERNET_DISCONNECTED @ https://placehold.co/480x270/312e81/ffffff?text=AI+Pathways:0
[ 7862881ms] [ERROR] Failed to load resource: net::ERR_INTERNET_DISCONNECTED @ https://placehold.co/480x270/7e22ce/ffffff?text=Base44:0
[ 7862881ms] [ERROR] Failed to load resource: net::ERR_INTERNET_DISCONNECTED @ https://placehold.co/480x270/0369a1/ffffff?text=Eyal+Shani:0
[ 7862881ms] [ERROR] Failed to load resource: net::ERR_INTERNET_DISCONNECTED @ https://placehold.co/480x270/0c4a6e/ffffff?text=Dor+Amir:0
[ 7862881ms] [ERROR] Failed to load resource: net::ERR_INTERNET_DISCONNECTED @ https://placehold.co/480x270/1e3a5f/ffffff?text=Ran+Bar+Zik:0
[ 7862881ms] [ERROR] Failed to load resource: net::ERR_INTERNET_DISCONNECTED @ https://placehold.co/480x270/134e4a/ffffff?text=Wysetrade:0
[ 7862933ms] [ERROR] Failed to load resource: the server responded with a status of 500 (Internal Server Error) @ http://localhost:5184/api/apps/69c03636eaa02b23de4465b5/entities/Note?q=%7B%22videoId%22:%22v_m1_1%22%7D:0
[ 7862934ms] [ERROR] [Base44 SDK Error] 500: Request failed with status code 500 @ http://localhost:5184/node_modules/.vite/deps/@base44_sdk.js?v=a9ccdb68:3593
[ 7862934ms] [ERROR] Failed to load resource: the server responded with a status of 500 (Internal Server Error) @ http://localhost:5184/api/apps/69c03636eaa02b23de4465b5/entities/Note?q=%7B%22videoId%22:%22v_m1_2%22%7D:0
[ 7862935ms] [ERROR] [Base44 SDK Error] 500: Request failed with status code 500 @ http://localhost:5184/node_modules/.vite/deps/@base44_sdk.js?v=a9ccdb68:3593
[ 7862935ms] [ERROR] Failed to load resource: the server responded with a status of 500 (Internal Server Error) @ http://localhost:5184/api/apps/69c03636eaa02b23de4465b5/entities/Note?q=%7B%22videoId%22:%22v_m2_1%22%7D:0
[ 7862935ms] [ERROR] [Base44 SDK Error] 500: Request failed with status code 500 @ http://localhost:5184/node_modules/.vite/deps/@base44_sdk.js?v=a9ccdb68:3593
[ 7862936ms] [ERROR] Failed to load resource: the server responded with a status of 500 (Internal Server Error) @ http://localhost:5184/api/apps/69c03636eaa02b23de4465b5/entities/Note?q=%7B%22videoId%22:%22v_m2_2%22%7D:0
[ 7862936ms] [ERROR] [Base44 SDK Error] 500: Request failed with status code 500 @ http://localhost:5184/node_modules/.vite/deps/@base44_sdk.js?v=a9ccdb68:3593
[ 7862938ms] [ERROR] Failed to load resource: the server responded with a status of 500 (Internal Server Error) @ http://localhost:5184/api/apps/69c03636eaa02b23de4465b5/entities/Note?q=%7B%22videoId%22:%22v_m3_1%22%7D:0
[ 7862938ms] [ERROR] [Base44 SDK Error] 500: Request failed with status code 500 @ http://localhost:5184/node_modules/.vite/deps/@base44_sdk.js?v=a9ccdb68:3593
[ 7862939ms] [ERROR] Failed to load resource: the server responded with a status of 500 (Internal Server Error) @ http://localhost:5184/api/apps/69c03636eaa02b23de4465b5/entities/Note?q=%7B%22videoId%22:%22v_m3_2%22%7D:0
[ 7862939ms] [ERROR] [Base44 SDK Error] 500: Request failed with status code 500 @ http://localhost:5184/node_modules/.vite/deps/@base44_sdk.js?v=a9ccdb68:3593
[ 7862940ms] [ERROR] Failed to load resource: the server responded with a status of 500 (Internal Server Error) @ http://localhost:5184/api/apps/69c03636eaa02b23de4465b5/entities/Note?q=%7B%22videoId%22:%22v_m4_1%22%7D:0
[ 7862940ms] [ERROR] [Base44 SDK Error] 500: Request failed with status code 500 @ http://localhost:5184/node_modules/.vite/deps/@base44_sdk.js?v=a9ccdb68:3593
[ 7862974ms] [ERROR] Failed to load resource: the server responded with a status of 500 (Internal Server Error) @ http://localhost:5184/api/apps/69c03636eaa02b23de4465b5/entities/Note?q=%7B%22videoId%22:%22v_m4_2%22%7D:0
[ 7863001ms] [ERROR] [Base44 SDK Error] 500: Request failed with status code 500 @ http://localhost:5184/node_modules/.vite/deps/@base44_sdk.js?v=a9ccdb68:3593
[ 7863008ms] [ERROR] Failed to load resource: the server responded with a status of 500 (Internal Server Error) @ http://localhost:5184/api/apps/69c03636eaa02b23de4465b5/entities/Note?q=%7B%22videoId%22:%22v_m5_1%22%7D:0
[ 7863032ms] [ERROR] [Base44 SDK Error] 500: Request failed with status code 500 @ http://localhost:5184/node_modules/.vite/deps/@base44_sdk.js?v=a9ccdb68:3593
[ 7863045ms] [ERROR] Failed to load resource: the server responded with a status of 500 (Internal Server Error) @ http://localhost:5184/api/apps/69c03636eaa02b23de4465b5/entities/Note?q=%7B%22videoId%22:%22v_m6_1%22%7D:0
[ 7863104ms] [ERROR] [Base44 SDK Error] 500: Request failed with status code 500 @ http://localhost:5184/node_modules/.vite/deps/@base44_sdk.js?v=a9ccdb68:3593
[ 7863122ms] [ERROR] Failed to load resource: the server responded with a status of 500 (Internal Server Error) @ http://localhost:5184/api/apps/69c03636eaa02b23de4465b5/entities/Note?q=%7B%22videoId%22:%22v_m6_2%22%7D:0
[ 7863125ms] [ERROR] [Base44 SDK Error] 500: Request failed with status code 500 @ http://localhost:5184/node_modules/.vite/deps/@base44_sdk.js?v=a9ccdb68:3593
[ 7863128ms] [ERROR] Failed to load resource: the server responded with a status of 500 (Internal Server Error) @ http://localhost:5184/api/apps/69c03636eaa02b23de4465b5/entities/Note?q=%7B%22videoId%22:%22v_m7_1%22%7D:0
[ 7863133ms] [ERROR] [Base44 SDK Error] 500: Request failed with status code 500 @ http://localhost:5184/node_modules/.vite/deps/@base44_sdk.js?v=a9ccdb68:3593
[ 7863136ms] [ERROR] Failed to load resource: the server responded with a status of 500 (Internal Server Error) @ http://localhost:5184/api/apps/69c03636eaa02b23de4465b5/entities/Note?q=%7B%22videoId%22:%22v_m8_1%22%7D:0
[ 7863136ms] [ERROR] [Base44 SDK Error] 500: Request failed with status code 500 @ http://localhost:5184/node_modules/.vite/deps/@base44_sdk.js?v=a9ccdb68:3593
[ 7863137ms] [ERROR] Failed to load resource: the server responded with a status of 500 (Internal Server Error) @ http://localhost:5184/api/apps/69c03636eaa02b23de4465b5/entities/Note?q=%7B%22videoId%22:%22v_m9_1%22%7D:0
[ 7863137ms] [ERROR] [Base44 SDK Error] 500: Request failed with status code 500 @ http://localhost:5184/node_modules/.vite/deps/@base44_sdk.js?v=a9ccdb68:3593
[ 7863139ms] [ERROR] Failed to load resource: the server responded with a status of 500 (Internal Server Error) @ http://localhost:5184/api/apps/69c03636eaa02b23de4465b5/entities/Note?q=%7B%22videoId%22:%22v_m9_2%22%7D:0
[ 7863139ms] [ERROR] [Base44 SDK Error] 500: Request failed with status code 500 @ http://localhost:5184/node_modules/.vite/deps/@base44_sdk.js?v=a9ccdb68:3593
[ 7863140ms] [ERROR] Failed to load resource: the server responded with a status of 500 (Internal Server Error) @ http://localhost:5184/api/apps/69c03636eaa02b23de4465b5/entities/Note?q=%7B%22videoId%22:%22v_m10_1%22%7D:0
[ 7863141ms] [ERROR] [Base44 SDK Error] 500: Request failed with status code 500 @ http://localhost:5184/node_modules/.vite/deps/@base44_sdk.js?v=a9ccdb68:3593
[ 7863141ms] [ERROR] Failed to load resource: the server responded with a status of 500 (Internal Server Error) @ http://localhost:5184/api/apps/69c03636eaa02b23de4465b5/entities/Note?q=%7B%22videoId%22:%22v_m11_1%22%7D:0
[ 7863142ms] [ERROR] [Base44 SDK Error] 500: Request failed with status code 500 @ http://localhost:5184/node_modules/.vite/deps/@base44_sdk.js?v=a9ccdb68:3593
[ 7863155ms] [ERROR] Failed to load resource: the server responded with a status of 500 (Internal Server Error) @ http://localhost:5184/api/apps/69c03636eaa02b23de4465b5/entities/Note?q=%7B%22videoId%22:%22v_m12_1%22%7D:0
[ 7863156ms] [ERROR] [Base44 SDK Error] 500: Request failed with status code 500 @ http://localhost:5184/node_modules/.vite/deps/@base44_sdk.js?v=a9ccdb68:3593
[ 7863226ms] [ERROR] Failed to load resource: the server responded with a status of 500 (Internal Server Error) @ http://localhost:5184/api/apps/69c03636eaa02b23de4465b5/entities/Note?q=%7B%22videoId%22:%22v_m12_2%22%7D:0
[ 7863226ms] [ERROR] [Base44 SDK Error] 500: Request failed with status code 500 @ http://localhost:5184/node_modules/.vite/deps/@base44_sdk.js?v=a9ccdb68:3593
[ 7863227ms] [ERROR] Failed to load resource: the server responded with a status of 500 (Internal Server Error) @ http://localhost:5184/api/apps/69c03636eaa02b23de4465b5/entities/Note?q=%7B%22videoId%22:%22v_m13_1%22%7D:0
[ 7863227ms] [ERROR] [Base44 SDK Error] 500: Request failed with status code 500 @ http://localhost:5184/node_modules/.vite/deps/@base44_sdk.js?v=a9ccdb68:3593
[ 7863228ms] [ERROR] Failed to load resource: the server responded with a status of 500 (Internal Server Error) @ http://localhost:5184/api/apps/69c03636eaa02b23de4465b5/entities/Note?q=%7B%22videoId%22:%22v_m14_1%22%7D:0
[ 7863228ms] [ERROR] [Base44 SDK Error] 500: Request failed with status code 500 @ http://localhost:5184/node_modules/.vite/deps/@base44_sdk.js?v=a9ccdb68:3593
[ 7863228ms] [ERROR] Failed to load resource: the server responded with a status of 500 (Internal Server Error) @ http://localhost:5184/api/apps/69c03636eaa02b23de4465b5/entities/Note?q=%7B%22videoId%22:%22v_m14_2%22%7D:0
[ 7863230ms] [ERROR] [Base44 SDK Error] 500: Request failed with status code 500 @ http://localhost:5184/node_modules/.vite/deps/@base44_sdk.js?v=a9ccdb68:3593
[ 7863231ms] [ERROR] Failed to load resource: the server responded with a status of 500 (Internal Server Error) @ http://localhost:5184/api/apps/69c03636eaa02b23de4465b5/entities/Note?q=%7B%22videoId%22:%22v_m15_1%22%7D:0
[ 7863232ms] [ERROR] [Base44 SDK Error] 500: Request failed with status code 500 @ http://localhost:5184/node_modules/.vite/deps/@base44_sdk.js?v=a9ccdb68:3593
[ 7863232ms] [ERROR] Failed to load resource: the server responded with a status of 500 (Internal Server Error) @ http://localhost:5184/api/apps/69c03636eaa02b23de4465b5/entities/Note?q=%7B%22videoId%22:%22v_m15_2%22%7D:0
[ 7863233ms] [ERROR] [Base44 SDK Error] 500: Request failed with status code 500 @ http://localhost:5184/node_modules/.vite/deps/@base44_sdk.js?v=a9ccdb68:3593
[ 8363462ms] [ERROR] Failed to load resource: the server responded with a status of 404 (Not Found) @ http://localhost:5184/api/apps/69c03636eaa02b23de4465b5/entities/Note?q=%7B%22videoId%22:%2269f55202fcc10c1c22b4c7a5%22%7D:0
[ 8363463ms] [ERROR] [Base44 SDK Error] 404: Entity schema Note not found in app @ http://localhost:5184/node_modules/.vite/deps/@base44_sdk.js?v=a9ccdb68:3593
[ 8363463ms] [ERROR] Error data: {
  "message": "Entity schema Note not found in app",
  "detail": null,
  "traceback": null,
  "extra_data": null,
  "request_id": null
} @ http://localhost:5184/node_modules/.vite/deps/@base44_sdk.js?v=a9ccdb68:3596
[ 8363466ms] [ERROR] Failed to load resource: the server responded with a status of 404 (Not Found) @ http://localhost:5184/api/apps/69c03636eaa02b23de4465b5/entities/Note?q=%7B%22videoId%22:%2269f551eec81f8166c63b12c1%22%7D:0
[ 8363467ms] [ERROR] [Base44 SDK Error] 404: Entity schema Note not found in app @ http://localhost:5184/node_modules/.vite/deps/@base44_sdk.js?v=a9ccdb68:3593
[ 8363467ms] [ERROR] Error data: {
  "message": "Entity schema Note not found in app",
  "detail": null,
  "traceback": null,
  "extra_data": null,
  "request_id": null
} @ http://localhost:5184/node_modules/.vite/deps/@base44_sdk.js?v=a9ccdb68:3596
[ 8363467ms] [ERROR] Failed to load resource: the server responded with a status of 404 (Not Found) @ http://localhost:5184/api/apps/69c03636eaa02b23de4465b5/entities/Note?q=%7B%22videoId%22:%2269f55201a221de5bd3f4f081%22%7D:0
[ 8363467ms] [ERROR] [Base44 SDK Error] 404: Entity schema Note not found in app @ http://localhost:5184/node_modules/.vite/deps/@base44_sdk.js?v=a9ccdb68:3593
[ 8363467ms] [ERROR] Error data: {
  "message": "Entity schema Note not found in app",
  "detail": null,
  "traceback": null,
  "extra_data": null,
  "request_id": null
} @ http://localhost:5184/node_modules/.vite/deps/@base44_sdk.js?v=a9ccdb68:3596
[ 8363471ms] [ERROR] Failed to load resource: the server responded with a status of 404 (Not Found) @ http://localhost:5184/api/apps/69c03636eaa02b23de4465b5/entities/Note?q=%7B%22videoId%22:%2269f551dd34c7432b309e0b98%22%7D:0
[ 8363472ms] [ERROR] [Base44 SDK Error] 404: Entity schema Note not found in app @ http://localhost:5184/node_modules/.vite/deps/@base44_sdk.js?v=a9ccdb68:3593
[ 8363472ms] [ERROR] Error data: {
  "message": "Entity schema Note not found in app",
  "detail": null,
  "traceback": null,
  "extra_data": null,
  "request_id": null
} @ http://localhost:5184/node_modules/.vite/deps/@base44_sdk.js?v=a9ccdb68:3596
[ 8363478ms] [ERROR] Failed to load resource: the server responded with a status of 404 (Not Found) @ http://localhost:5184/api/apps/69c03636eaa02b23de4465b5/entities/Note?q=%7B%22videoId%22:%2269f551dde6972985542890cc%22%7D:0
[ 8363479ms] [ERROR] [Base44 SDK Error] 404: Entity schema Note not found in app @ http://localhost:5184/node_modules/.vite/deps/@base44_sdk.js?v=a9ccdb68:3593
[ 8363479ms] [ERROR] Error data: {
  "message": "Entity schema Note not found in app",
  "detail": null,
  "traceback": null,
  "extra_data": null,
  "request_id": null
} @ http://localhost:5184/node_modules/.vite/deps/@base44_sdk.js?v=a9ccdb68:3596
[ 8363487ms] [ERROR] Failed to load resource: the server responded with a status of 404 (Not Found) @ http://localhost:5184/api/apps/69c03636eaa02b23de4465b5/entities/Note?q=%7B%22videoId%22:%2269f551dc1efd4e64f6914d2d%22%7D:0
[ 8363489ms] [ERROR] [Base44 SDK Error] 404: Entity schema Note not found in app @ http://localhost:5184/node_modules/.vite/deps/@base44_sdk.js?v=a9ccdb68:3593
[ 8363489ms] [ERROR] Error data: {
  "message": "Entity schema Note not found in app",
  "detail": null,
  "traceback": null,
  "extra_data": null,
  "request_id": null
} @ http://localhost:5184/node_modules/.vite/deps/@base44_sdk.js?v=a9ccdb68:3596
[ 8363735ms] [ERROR] Failed to load resource: the server responded with a status of 404 (Not Found) @ http://localhost:5184/api/apps/69c03636eaa02b23de4465b5/entities/Note?q=%7B%22videoId%22:%2269f551dd14f40d7c4c0837f3%22%7D:0
[ 8363736ms] [ERROR] [Base44 SDK Error] 404: Entity schema Note not found in app @ http://localhost:5184/node_modules/.vite/deps/@base44_sdk.js?v=a9ccdb68:3593
[ 8363736ms] [ERROR] Error data: {
  "message": "Entity schema Note not found in app",
  "detail": null,
  "traceback": null,
  "extra_data": null,
  "request_id": null
} @ http://localhost:5184/node_modules/.vite/deps/@base44_sdk.js?v=a9ccdb68:3596
[ 8363741ms] [ERROR] Failed to load resource: the server responded with a status of 404 (Not Found) @ http://localhost:5184/api/apps/69c03636eaa02b23de4465b5/entities/Note?q=%7B%22videoId%22:%2269f55202b057ffcffb91bbcf%22%7D:0
[ 8363742ms] [ERROR] [Base44 SDK Error] 404: Entity schema Note not found in app @ http://localhost:5184/node_modules/.vite/deps/@base44_sdk.js?v=a9ccdb68:3593
[ 8363742ms] [ERROR] Error data: {
  "message": "Entity schema Note not found in app",
  "detail": null,
  "traceback": null,
  "extra_data": null,
  "request_id": null
} @ http://localhost:5184/node_modules/.vite/deps/@base44_sdk.js?v=a9ccdb68:3596
[ 8363747ms] [ERROR] Failed to load resource: the server responded with a status of 404 (Not Found) @ http://localhost:5184/api/apps/69c03636eaa02b23de4465b5/entities/Note?q=%7B%22videoId%22:%2269f552026a50f4fddcaf3d26%22%7D:0
[ 8363748ms] [ERROR] [Base44 SDK Error] 404: Entity schema Note not found in app @ http://localhost:5184/node_modules/.vite/deps/@base44_sdk.js?v=a9ccdb68:3593
[ 8363748ms] [ERROR] Error data: {
  "message": "Entity schema Note not found in app",
  "detail": null,
  "traceback": null,
  "extra_data": null,
  "request_id": null
} @ http://localhost:5184/node_modules/.vite/deps/@base44_sdk.js?v=a9ccdb68:3596
[ 8363750ms] [ERROR] Failed to load resource: the server responded with a status of 404 (Not Found) @ http://localhost:5184/api/apps/69c03636eaa02b23de4465b5/entities/Note?q=%7B%22videoId%22:%2269f55203f277ddc71ae696a8%22%7D:0
[ 8363750ms] [ERROR] [Base44 SDK Error] 404: Entity schema Note not found in app @ http://localhost:5184/node_modules/.vite/deps/@base44_sdk.js?v=a9ccdb68:3593
[ 8363750ms] [ERROR] Error data: {
  "message": "Entity schema Note not found in app",
  "detail": null,
  "traceback": null,
  "extra_data": null,
  "request_id": null
} @ http://localhost:5184/node_modules/.vite/deps/@base44_sdk.js?v=a9ccdb68:3596
[ 8363759ms] [ERROR] Failed to load resource: the server responded with a status of 404 (Not Found) @ http://localhost:5184/api/apps/69c03636eaa02b23de4465b5/entities/Note?q=%7B%22videoId%22:%2269f551ee5e2c6762249f99a7%22%7D:0
[ 8363759ms] [ERROR] [Base44 SDK Error] 404: Entity schema Note not found in app @ http://localhost:5184/node_modules/.vite/deps/@base44_sdk.js?v=a9ccdb68:3593
[ 8363759ms] [ERROR] Error data: {
  "message": "Entity schema Note not found in app",
  "detail": null,
  "traceback": null,
  "extra_data": null,
  "request_id": null
} @ http://localhost:5184/node_modules/.vite/deps/@base44_sdk.js?v=a9ccdb68:3596
[ 8363803ms] [ERROR] Failed to load resource: the server responded with a status of 404 (Not Found) @ http://localhost:5184/api/apps/69c03636eaa02b23de4465b5/entities/Note?q=%7B%22videoId%22:%2269f551deac60b0104708bb51%22%7D:0
[ 8363803ms] [ERROR] [Base44 SDK Error] 404: Entity schema Note not found in app @ http://localhost:5184/node_modules/.vite/deps/@base44_sdk.js?v=a9ccdb68:3593
[ 8363803ms] [ERROR] Error data: {
  "message": "Entity schema Note not found in app",
  "detail": null,
  "traceback": null,
  "extra_data": null,
  "request_id": null
} @ http://localhost:5184/node_modules/.vite/deps/@base44_sdk.js?v=a9ccdb68:3596
[ 8364006ms] [ERROR] Failed to load resource: the server responded with a status of 404 (Not Found) @ http://localhost:5184/api/apps/69c03636eaa02b23de4465b5/entities/Note?q=%7B%22videoId%22:%2269f54ed210b7f42730f32150%22%7D:0
[ 8364008ms] [ERROR] [Base44 SDK Error] 404: Entity schema Note not found in app @ http://localhost:5184/node_modules/.vite/deps/@base44_sdk.js?v=a9ccdb68:3593
[ 8364008ms] [ERROR] Error data: {
  "message": "Entity schema Note not found in app",
  "detail": null,
  "traceback": null,
  "extra_data": null,
  "request_id": null
} @ http://localhost:5184/node_modules/.vite/deps/@base44_sdk.js?v=a9ccdb68:3596
[ 8364046ms] [ERROR] Failed to load resource: the server responded with a status of 404 (Not Found) @ http://localhost:5184/api/apps/69c03636eaa02b23de4465b5/entities/Note?q=%7B%22videoId%22:%2269f551ef34c7432b309e0ba0%22%7D:0
[ 8364048ms] [ERROR] [Base44 SDK Error] 404: Entity schema Note not found in app @ http://localhost:5184/node_modules/.vite/deps/@base44_sdk.js?v=a9ccdb68:3593
[ 8364048ms] [ERROR] Error data: {
  "message": "Entity schema Note not found in app",
  "detail": null,
  "traceback": null,
  "extra_data": null,
  "request_id": null
} @ http://localhost:5184/node_modules/.vite/deps/@base44_sdk.js?v=a9ccdb68:3596
[ 8364055ms] [ERROR] Failed to load resource: the server responded with a status of 404 (Not Found) @ http://localhost:5184/api/apps/69c03636eaa02b23de4465b5/entities/Note?q=%7B%22videoId%22:%2269f54ed20bb5e1012fa2b749%22%7D:0
[ 8364056ms] [ERROR] [Base44 SDK Error] 404: Entity schema Note not found in app @ http://localhost:5184/node_modules/.vite/deps/@base44_sdk.js?v=a9ccdb68:3593
[ 8364056ms] [ERROR] Error data: {
  "message": "Entity schema Note not found in app",
  "detail": null,
  "traceback": null,
  "extra_data": null,
  "request_id": null
} @ http://localhost:5184/node_modules/.vite/deps/@base44_sdk.js?v=a9ccdb68:3596
[ 8364068ms] [ERROR] Failed to load resource: the server responded with a status of 404 (Not Found) @ http://localhost:5184/api/apps/69c03636eaa02b23de4465b5/entities/Note?q=%7B%22videoId%22:%2269f551ef25b41d504725d19b%22%7D:0
[ 8364069ms] [ERROR] [Base44 SDK Error] 404: Entity schema Note not found in app @ http://localhost:5184/node_modules/.vite/deps/@base44_sdk.js?v=a9ccdb68:3593
[ 8364069ms] [ERROR] Error data: {
  "message": "Entity schema Note not found in app",
  "detail": null,
  "traceback": null,
  "extra_data": null,
  "request_id": null
} @ http://localhost:5184/node_modules/.vite/deps/@base44_sdk.js?v=a9ccdb68:3596
[ 8364071ms] [ERROR] Failed to load resource: the server responded with a status of 404 (Not Found) @ http://localhost:5184/api/apps/69c03636eaa02b23de4465b5/entities/Note?q=%7B%22videoId%22:%2269f54ed2c1b7fae10fdebe9b%22%7D:0
[ 8364071ms] [ERROR] [Base44 SDK Error] 404: Entity schema Note not found in app @ http://localhost:5184/node_modules/.vite/deps/@base44_sdk.js?v=a9ccdb68:3593
[ 8364071ms] [ERROR] Error data: {
  "message": "Entity schema Note not found in app",
  "detail": null,
  "traceback": null,
  "extra_data": null,
  "request_id": null
} @ http://localhost:5184/node_modules/.vite/deps/@base44_sdk.js?v=a9ccdb68:3596
[ 8364147ms] [ERROR] Failed to load resource: the server responded with a status of 404 (Not Found) @ http://localhost:5184/api/apps/69c03636eaa02b23de4465b5/entities/Note?q=%7B%22videoId%22:%2269f551ef484bf1fa43e1c684%22%7D:0
[ 8364148ms] [ERROR] [Base44 SDK Error] 404: Entity schema Note not found in app @ http://localhost:5184/node_modules/.vite/deps/@base44_sdk.js?v=a9ccdb68:3593
[ 8364148ms] [ERROR] Error data: {
  "message": "Entity schema Note not found in app",
  "detail": null,
  "traceback": null,
  "extra_data": null,
  "request_id": null
} @ http://localhost:5184/node_modules/.vite/deps/@base44_sdk.js?v=a9ccdb68:3596
[ 8364273ms] [ERROR] Failed to load resource: the server responded with a status of 404 (Not Found) @ http://localhost:5184/api/apps/69c03636eaa02b23de4465b5/entities/Note?q=%7B%22videoId%22:%2269f54ed3727da8a9fdf63bd8%22%7D:0
[ 8364273ms] [ERROR] [Base44 SDK Error] 404: Entity schema Note not found in app @ http://localhost:5184/node_modules/.vite/deps/@base44_sdk.js?v=a9ccdb68:3593
[ 8364274ms] [ERROR] Error data: {
  "message": "Entity schema Note not found in app",
  "detail": null,
  "traceback": null,
  "extra_data": null,
  "request_id": null
} @ http://localhost:5184/node_modules/.vite/deps/@base44_sdk.js?v=a9ccdb68:3596
[ 8364299ms] [ERROR] Failed to load resource: the server responded with a status of 404 (Not Found) @ http://localhost:5184/api/apps/69c03636eaa02b23de4465b5/entities/Note?q=%7B%22videoId%22:%2269f54ed3534564bc2d4f3b20%22%7D:0
[ 8364299ms] [ERROR] [Base44 SDK Error] 404: Entity schema Note not found in app @ http://localhost:5184/node_modules/.vite/deps/@base44_sdk.js?v=a9ccdb68:3593
[ 8364299ms] [ERROR] Error data: {
  "message": "Entity schema Note not found in app",
  "detail": null,
  "traceback": null,
  "extra_data": null,
  "request_id": null
} @ http://localhost:5184/node_modules/.vite/deps/@base44_sdk.js?v=a9ccdb68:3596
[ 8490400ms] [ERROR] Failed to load resource: the server responded with a status of 404 (Not Found) @ http://localhost:5184/api/apps/69c03636eaa02b23de4465b5/entities/Note?q=%7B%22videoId%22:%2269f55202fcc10c1c22b4c7a5%22%7D:0
[ 8490402ms] [ERROR] [Base44 SDK Error] 404: Entity schema Note not found in app @ http://localhost:5184/node_modules/.vite/deps/@base44_sdk.js?v=a9ccdb68:3593
[ 8490402ms] [ERROR] Error data: {
  "message": "Entity schema Note not found in app",
  "detail": null,
  "traceback": null,
  "extra_data": null,
  "request_id": null
} @ http://localhost:5184/node_modules/.vite/deps/@base44_sdk.js?v=a9ccdb68:3596
[ 8490405ms] [ERROR] Failed to load resource: the server responded with a status of 404 (Not Found) @ http://localhost:5184/api/apps/69c03636eaa02b23de4465b5/entities/Note?q=%7B%22videoId%22:%2269f551eec81f8166c63b12c1%22%7D:0
[ 8490405ms] [ERROR] [Base44 SDK Error] 404: Entity schema Note not found in app @ http://localhost:5184/node_modules/.vite/deps/@base44_sdk.js?v=a9ccdb68:3593
[ 8490405ms] [ERROR] Error data: {
  "message": "Entity schema Note not found in app",
  "detail": null,
  "traceback": null,
  "extra_data": null,
  "request_id": null
} @ http://localhost:5184/node_modules/.vite/deps/@base44_sdk.js?v=a9ccdb68:3596
[ 8490412ms] [ERROR] Failed to load resource: the server responded with a status of 404 (Not Found) @ http://localhost:5184/api/apps/69c03636eaa02b23de4465b5/entities/Note?q=%7B%22videoId%22:%2269f551dc1efd4e64f6914d2d%22%7D:0
[ 8490412ms] [ERROR] [Base44 SDK Error] 404: Entity schema Note not found in app @ http://localhost:5184/node_modules/.vite/deps/@base44_sdk.js?v=a9ccdb68:3593
[ 8490412ms] [ERROR] Error data: {
  "message": "Entity schema Note not found in app",
  "detail": null,
  "traceback": null,
  "extra_data": null,
  "request_id": null
} @ http://localhost:5184/node_modules/.vite/deps/@base44_sdk.js?v=a9ccdb68:3596
[ 8490666ms] [ERROR] Failed to load resource: the server responded with a status of 404 (Not Found) @ http://localhost:5184/api/apps/69c03636eaa02b23de4465b5/entities/Note?q=%7B%22videoId%22:%2269f551dde6972985542890cc%22%7D:0
[ 8490666ms] [ERROR] [Base44 SDK Error] 404: Entity schema Note not found in app @ http://localhost:5184/node_modules/.vite/deps/@base44_sdk.js?v=a9ccdb68:3593
[ 8490667ms] [ERROR] Error data: {
  "message": "Entity schema Note not found in app",
  "detail": null,
  "traceback": null,
  "extra_data": null,
  "request_id": null
} @ http://localhost:5184/node_modules/.vite/deps/@base44_sdk.js?v=a9ccdb68:3596
[ 8490680ms] [ERROR] Failed to load resource: the server responded with a status of 404 (Not Found) @ http://localhost:5184/api/apps/69c03636eaa02b23de4465b5/entities/Note?q=%7B%22videoId%22:%2269f551ee5e2c6762249f99a7%22%7D:0
[ 8490680ms] [ERROR] [Base44 SDK Error] 404: Entity schema Note not found in app @ http://localhost:5184/node_modules/.vite/deps/@base44_sdk.js?v=a9ccdb68:3593
[ 8490680ms] [ERROR] Error data: {
  "message": "Entity schema Note not found in app",
  "detail": null,
  "traceback": null,
  "extra_data": null,
  "request_id": null
} @ http://localhost:5184/node_modules/.vite/deps/@base44_sdk.js?v=a9ccdb68:3596
[ 8490681ms] [ERROR] Failed to load resource: the server responded with a status of 404 (Not Found) @ http://localhost:5184/api/apps/69c03636eaa02b23de4465b5/entities/Note?q=%7B%22videoId%22:%2269f551dd34c7432b309e0b98%22%7D:0
[ 8490682ms] [ERROR] [Base44 SDK Error] 404: Entity schema Note not found in app @ http://localhost:5184/node_modules/.vite/deps/@base44_sdk.js?v=a9ccdb68:3593
[ 8490682ms] [ERROR] Error data: {
  "message": "Entity schema Note not found in app",
  "detail": null,
  "traceback": null,
  "extra_data": null,
  "request_id": null
} @ http://localhost:5184/node_modules/.vite/deps/@base44_sdk.js?v=a9ccdb68:3596
[ 8490856ms] [ERROR] Failed to load resource: the server responded with a status of 404 (Not Found) @ http://localhost:5184/api/apps/69c03636eaa02b23de4465b5/entities/Note?q=%7B%22videoId%22:%2269f55201a221de5bd3f4f081%22%7D:0
[ 8490858ms] [ERROR] [Base44 SDK Error] 404: Entity schema Note not found in app @ http://localhost:5184/node_modules/.vite/deps/@base44_sdk.js?v=a9ccdb68:3593
[ 8490858ms] [ERROR] Error data: {
  "message": "Entity schema Note not found in app",
  "detail": null,
  "traceback": null,
  "extra_data": null,
  "request_id": null
} @ http://localhost:5184/node_modules/.vite/deps/@base44_sdk.js?v=a9ccdb68:3596
[ 8490942ms] [ERROR] Failed to load resource: the server responded with a status of 404 (Not Found) @ http://localhost:5184/api/apps/69c03636eaa02b23de4465b5/entities/Note?q=%7B%22videoId%22:%2269f552026a50f4fddcaf3d26%22%7D:0
[ 8490943ms] [ERROR] [Base44 SDK Error] 404: Entity schema Note not found in app @ http://localhost:5184/node_modules/.vite/deps/@base44_sdk.js?v=a9ccdb68:3593
[ 8490943ms] [ERROR] Error data: {
  "message": "Entity schema Note not found in app",
  "detail": null,
  "traceback": null,
  "extra_data": null,
  "request_id": null
} @ http://localhost:5184/node_modules/.vite/deps/@base44_sdk.js?v=a9ccdb68:3596
[ 8490952ms] [ERROR] Failed to load resource: the server responded with a status of 404 (Not Found) @ http://localhost:5184/api/apps/69c03636eaa02b23de4465b5/entities/Note?q=%7B%22videoId%22:%2269f55202b057ffcffb91bbcf%22%7D:0
[ 8490952ms] [ERROR] [Base44 SDK Error] 404: Entity schema Note not found in app @ http://localhost:5184/node_modules/.vite/deps/@base44_sdk.js?v=a9ccdb68:3593
[ 8490952ms] [ERROR] Error data: {
  "message": "Entity schema Note not found in app",
  "detail": null,
  "traceback": null,
  "extra_data": null,
  "request_id": null
} @ http://localhost:5184/node_modules/.vite/deps/@base44_sdk.js?v=a9ccdb68:3596
[ 8490953ms] [ERROR] Failed to load resource: the server responded with a status of 404 (Not Found) @ http://localhost:5184/api/apps/69c03636eaa02b23de4465b5/entities/Note?q=%7B%22videoId%22:%2269f551dd14f40d7c4c0837f3%22%7D:0
[ 8490953ms] [ERROR] [Base44 SDK Error] 404: Entity schema Note not found in app @ http://localhost:5184/node_modules/.vite/deps/@base44_sdk.js?v=a9ccdb68:3593
[ 8490953ms] [ERROR] Error data: {
  "message": "Entity schema Note not found in app",
  "detail": null,
  "traceback": null,
  "extra_data": null,
  "request_id": null
} @ http://localhost:5184/node_modules/.vite/deps/@base44_sdk.js?v=a9ccdb68:3596
[ 8490954ms] [ERROR] Failed to load resource: the server responded with a status of 404 (Not Found) @ http://localhost:5184/api/apps/69c03636eaa02b23de4465b5/entities/Note?q=%7B%22videoId%22:%2269f551deac60b0104708bb51%22%7D:0
[ 8490955ms] [ERROR] [Base44 SDK Error] 404: Entity schema Note not found in app @ http://localhost:5184/node_modules/.vite/deps/@base44_sdk.js?v=a9ccdb68:3593
[ 8490955ms] [ERROR] Error data: {
  "message": "Entity schema Note not found in app",
  "detail": null,
  "traceback": null,
  "extra_data": null,
  "request_id": null
} @ http://localhost:5184/node_modules/.vite/deps/@base44_sdk.js?v=a9ccdb68:3596
[ 8491132ms] [ERROR] Failed to load resource: the server responded with a status of 404 (Not Found) @ http://localhost:5184/api/apps/69c03636eaa02b23de4465b5/entities/Note?q=%7B%22videoId%22:%2269f54ed210b7f42730f32150%22%7D:0
[ 8491133ms] [ERROR] [Base44 SDK Error] 404: Entity schema Note not found in app @ http://localhost:5184/node_modules/.vite/deps/@base44_sdk.js?v=a9ccdb68:3593
[ 8491133ms] [ERROR] Error data: {
  "message": "Entity schema Note not found in app",
  "detail": null,
  "traceback": null,
  "extra_data": null,
  "request_id": null
} @ http://localhost:5184/node_modules/.vite/deps/@base44_sdk.js?v=a9ccdb68:3596
[ 8491142ms] [ERROR] Failed to load resource: the server responded with a status of 404 (Not Found) @ http://localhost:5184/api/apps/69c03636eaa02b23de4465b5/entities/Note?q=%7B%22videoId%22:%2269f55203f277ddc71ae696a8%22%7D:0
[ 8491144ms] [ERROR] [Base44 SDK Error] 404: Entity schema Note not found in app @ http://localhost:5184/node_modules/.vite/deps/@base44_sdk.js?v=a9ccdb68:3593
[ 8491144ms] [ERROR] Error data: {
  "message": "Entity schema Note not found in app",
  "detail": null,
  "traceback": null,
  "extra_data": null,
  "request_id": null
} @ http://localhost:5184/node_modules/.vite/deps/@base44_sdk.js?v=a9ccdb68:3596
[ 8491212ms] [ERROR] Failed to load resource: the server responded with a status of 404 (Not Found) @ http://localhost:5184/api/apps/69c03636eaa02b23de4465b5/entities/Note?q=%7B%22videoId%22:%2269f551ef34c7432b309e0ba0%22%7D:0
[ 8491213ms] [ERROR] [Base44 SDK Error] 404: Entity schema Note not found in app @ http://localhost:5184/node_modules/.vite/deps/@base44_sdk.js?v=a9ccdb68:3593
[ 8491213ms] [ERROR] Error data: {
  "message": "Entity schema Note not found in app",
  "detail": null,
  "traceback": null,
  "extra_data": null,
  "request_id": null
} @ http://localhost:5184/node_modules/.vite/deps/@base44_sdk.js?v=a9ccdb68:3596
[ 8491220ms] [ERROR] Failed to load resource: the server responded with a status of 404 (Not Found) @ http://localhost:5184/api/apps/69c03636eaa02b23de4465b5/entities/Note?q=%7B%22videoId%22:%2269f551ef484bf1fa43e1c684%22%7D:0
[ 8491221ms] [ERROR] [Base44 SDK Error] 404: Entity schema Note not found in app @ http://localhost:5184/node_modules/.vite/deps/@base44_sdk.js?v=a9ccdb68:3593
[ 8491221ms] [ERROR] Error data: {
  "message": "Entity schema Note not found in app",
  "detail": null,
  "traceback": null,
  "extra_data": null,
  "request_id": null
} @ http://localhost:5184/node_modules/.vite/deps/@base44_sdk.js?v=a9ccdb68:3596
[ 8491223ms] [ERROR] Failed to load resource: the server responded with a status of 404 (Not Found) @ http://localhost:5184/api/apps/69c03636eaa02b23de4465b5/entities/Note?q=%7B%22videoId%22:%2269f551ef25b41d504725d19b%22%7D:0
[ 8491224ms] [ERROR] [Base44 SDK Error] 404: Entity schema Note not found in app @ http://localhost:5184/node_modules/.vite/deps/@base44_sdk.js?v=a9ccdb68:3593
[ 8491224ms] [ERROR] Error data: {
  "message": "Entity schema Note not found in app",
  "detail": null,
  "traceback": null,
  "extra_data": null,
  "request_id": null
} @ http://localhost:5184/node_modules/.vite/deps/@base44_sdk.js?v=a9ccdb68:3596
[ 8491232ms] [ERROR] Failed to load resource: the server responded with a status of 404 (Not Found) @ http://localhost:5184/api/apps/69c03636eaa02b23de4465b5/entities/Note?q=%7B%22videoId%22:%2269f54ed20bb5e1012fa2b749%22%7D:0
[ 8491232ms] [ERROR] [Base44 SDK Error] 404: Entity schema Note not found in app @ http://localhost:5184/node_modules/.vite/deps/@base44_sdk.js?v=a9ccdb68:3593
[ 8491232ms] [ERROR] Error data: {
  "message": "Entity schema Note not found in app",
  "detail": null,
  "traceback": null,
  "extra_data": null,
  "request_id": null
} @ http://localhost:5184/node_modules/.vite/deps/@base44_sdk.js?v=a9ccdb68:3596
[ 8491396ms] [ERROR] Failed to load resource: the server responded with a status of 404 (Not Found) @ http://localhost:5184/api/apps/69c03636eaa02b23de4465b5/entities/Note?q=%7B%22videoId%22:%2269f54ed3727da8a9fdf63bd8%22%7D:0
[ 8491397ms] [ERROR] [Base44 SDK Error] 404: Entity schema Note not found in app @ http://localhost:5184/node_modules/.vite/deps/@base44_sdk.js?v=a9ccdb68:3593
[ 8491397ms] [ERROR] Error data: {
  "message": "Entity schema Note not found in app",
  "detail": null,
  "traceback": null,
  "extra_data": null,
  "request_id": null
} @ http://localhost:5184/node_modules/.vite/deps/@base44_sdk.js?v=a9ccdb68:3596
[ 8491402ms] [ERROR] Failed to load resource: the server responded with a status of 404 (Not Found) @ http://localhost:5184/api/apps/69c03636eaa02b23de4465b5/entities/Note?q=%7B%22videoId%22:%2269f54ed2c1b7fae10fdebe9b%22%7D:0
[ 8491402ms] [ERROR] [Base44 SDK Error] 404: Entity schema Note not found in app @ http://localhost:5184/node_modules/.vite/deps/@base44_sdk.js?v=a9ccdb68:3593
[ 8491402ms] [ERROR] Error data: {
  "message": "Entity schema Note not found in app",
  "detail": null,
  "traceback": null,
  "extra_data": null,
  "request_id": null
} @ http://localhost:5184/node_modules/.vite/deps/@base44_sdk.js?v=a9ccdb68:3596
[ 8491491ms] [ERROR] Failed to load resource: the server responded with a status of 404 (Not Found) @ http://localhost:5184/api/apps/69c03636eaa02b23de4465b5/entities/Note?q=%7B%22videoId%22:%2269f54ed3534564bc2d4f3b20%22%7D:0
[ 8491492ms] [ERROR] [Base44 SDK Error] 404: Entity schema Note not found in app @ http://localhost:5184/node_modules/.vite/deps/@base44_sdk.js?v=a9ccdb68:3593
[ 8491492ms] [ERROR] Error data: {
  "message": "Entity schema Note not found in app",
  "detail": null,
  "traceback": null,
  "extra_data": null,
  "request_id": null
} @ http://localhost:5184/node_modules/.vite/deps/@base44_sdk.js?v=a9ccdb68:3596
