[      90ms] [INFO] %cDownload the React DevTools for a better development experience: https://reactjs.org/link/react-devtools font-weight:bold @ http://localhost:5184/node_modules/.vite/deps/chunk-SXRIVT2P.js?v=b40c77c2:21608
[     120ms] [INFO] [useVideos] local-first — 39 videos from storage @ http://localhost:5184/src/hooks/useVideos.js:23
[     223ms] [LOG] [rss] fetching {channelName: Micha.Stocks, channelId: UCSxjNbPriyBh9RNl_QNSAtw, rssUrl: https://www.youtube.com/feeds/videos.xml?channel_id=UCSxjNbPriyBh9RNl_QNSAtw} @ http://localhost:5184/src/services/rssIngestion.js:146
[     377ms] [LOG] [rss] success (proxy) {channelName: Micha.Stocks, channelId: UCSxjNbPriyBh9RNl_QNSAtw} @ http://localhost:5184/src/services/rssIngestion.js:178
[     378ms] [LOG] [rss] success {mentorName: Micha.Stocks, videosCount: 5, topicIds: Array(3)} @ http://localhost:5184/src/services/rssIngestion.js:328
[    1304ms] [LOG] [rss] fetching {channelName: בורסה גרף, channelId: UCrQmXSenNhePSOiCTdnhwRg, rssUrl: https://www.youtube.com/feeds/videos.xml?channel_id=UCrQmXSenNhePSOiCTdnhwRg} @ http://localhost:5184/src/services/rssIngestion.js:146
[    1307ms] [LOG] [rss] success (proxy) {channelName: בורסה גרף, channelId: UCrQmXSenNhePSOiCTdnhwRg} @ http://localhost:5184/src/services/rssIngestion.js:178
[    1308ms] [LOG] [rss] success {mentorName: בורסה גרף, videosCount: 5, topicIds: Array(2)} @ http://localhost:5184/src/services/rssIngestion.js:328
[    2216ms] [LOG] [rss] fetching {channelName: The Hasidic Trader, channelId: UCSB4SNRWhbemGAJ4wfeKj2Q, rssUrl: https://www.youtube.com/feeds/videos.xml?channel_id=UCSB4SNRWhbemGAJ4wfeKj2Q} @ http://localhost:5184/src/services/rssIngestion.js:146
[    2218ms] [LOG] [rss] success (proxy) {channelName: The Hasidic Trader, channelId: UCSB4SNRWhbemGAJ4wfeKj2Q} @ http://localhost:5184/src/services/rssIngestion.js:178
[    2218ms] [LOG] [rss] success {mentorName: The Hasidic Trader, videosCount: 5, topicIds: Array(2)} @ http://localhost:5184/src/services/rssIngestion.js:328
[    3436ms] [LOG] [rss] fetching {channelName: Oliver Velez Trading, channelId: UCmD96zZeKnYof2jO1ON6acA, rssUrl: https://www.youtube.com/feeds/videos.xml?channel_id=UCmD96zZeKnYof2jO1ON6acA} @ http://localhost:5184/src/services/rssIngestion.js:146
[    3438ms] [LOG] [rss] success (proxy) {channelName: Oliver Velez Trading, channelId: UCmD96zZeKnYof2jO1ON6acA} @ http://localhost:5184/src/services/rssIngestion.js:178
[    3439ms] [LOG] [rss] success {mentorName: Oliver Velez Trading, videosCount: 5, topicIds: Array(2)} @ http://localhost:5184/src/services/rssIngestion.js:328
[    4244ms] [LOG] [rss] fetching {channelName: Dor Amir Trading, channelId: UCSyPOk83lhOXoGcT2vUNhdw, rssUrl: https://www.youtube.com/feeds/videos.xml?channel_id=UCSyPOk83lhOXoGcT2vUNhdw} @ http://localhost:5184/src/services/rssIngestion.js:146
[    4245ms] [LOG] [rss] success (proxy) {channelName: Dor Amir Trading, channelId: UCSyPOk83lhOXoGcT2vUNhdw} @ http://localhost:5184/src/services/rssIngestion.js:178
[    4246ms] [LOG] [rss] success {mentorName: Dor Amir Trading, videosCount: 5, topicIds: Array(2)} @ http://localhost:5184/src/services/rssIngestion.js:328
[    5376ms] [LOG] [rss] fetching {channelName: Eyal Shani, channelId: UCNVcbJ6pxGEWGuoGopK83sQ, rssUrl: https://www.youtube.com/feeds/videos.xml?channel_id=UCNVcbJ6pxGEWGuoGopK83sQ} @ http://localhost:5184/src/services/rssIngestion.js:146
[    5378ms] [LOG] [rss] success (proxy) {channelName: Eyal Shani, channelId: UCNVcbJ6pxGEWGuoGopK83sQ} @ http://localhost:5184/src/services/rssIngestion.js:178
[    5378ms] [LOG] [rss] success {mentorName: Eyal Shani, videosCount: 4, topicIds: Array(2)} @ http://localhost:5184/src/services/rssIngestion.js:328
[    6388ms] [LOG] [rss] fetching {channelName: Wysetrade, channelId: UC32oVb-nfyRBNlWzUw3dC5Q, rssUrl: https://www.youtube.com/feeds/videos.xml?channel_id=UC32oVb-nfyRBNlWzUw3dC5Q} @ http://localhost:5184/src/services/rssIngestion.js:146
[    6389ms] [LOG] [rss] success (proxy) {channelName: Wysetrade, channelId: UC32oVb-nfyRBNlWzUw3dC5Q} @ http://localhost:5184/src/services/rssIngestion.js:178
[    6390ms] [LOG] [rss] success {mentorName: Wysetrade, videosCount: 5, topicIds: Array(2)} @ http://localhost:5184/src/services/rssIngestion.js:328
[    7504ms] [LOG] [rss] fetching {channelName: Ed Hill AI Automation, channelId: UC5_2We-HeVdEeHcIyfmMHOg, rssUrl: https://www.youtube.com/feeds/videos.xml?channel_id=UC5_2We-HeVdEeHcIyfmMHOg} @ http://localhost:5184/src/services/rssIngestion.js:146
[    7505ms] [LOG] [rss] success (proxy) {channelName: Ed Hill AI Automation, channelId: UC5_2We-HeVdEeHcIyfmMHOg} @ http://localhost:5184/src/services/rssIngestion.js:178
[    7506ms] [LOG] [rss] success {mentorName: Ed Hill AI Automation, videosCount: 5, topicIds: Array(2)} @ http://localhost:5184/src/services/rssIngestion.js:328
[    8580ms] [LOG] [rss] fetching {channelName: Automation-Tribe, channelId: UCFkwdS-osDYKdz4TCe7XIXA, rssUrl: https://www.youtube.com/feeds/videos.xml?channel_id=UCFkwdS-osDYKdz4TCe7XIXA} @ http://localhost:5184/src/services/rssIngestion.js:146
[    8684ms] [LOG] [rss] success (proxy) {channelName: Automation-Tribe, channelId: UCFkwdS-osDYKdz4TCe7XIXA} @ http://localhost:5184/src/services/rssIngestion.js:178
[    8684ms] [LOG] [rss] success {mentorName: Automation-Tribe, videosCount: 0, topicIds: Array(2)} @ http://localhost:5184/src/services/rssIngestion.js:328
[    8684ms] [LOG] [rss] fetching {channelName: AI Andy, channelId: UCCQfwUJOOBLF5R9xbFeIFcg, rssUrl: https://www.youtube.com/feeds/videos.xml?channel_id=UCCQfwUJOOBLF5R9xbFeIFcg} @ http://localhost:5184/src/services/rssIngestion.js:146
[    8989ms] [LOG] [rss] success (proxy) {channelName: AI Andy, channelId: UCCQfwUJOOBLF5R9xbFeIFcg} @ http://localhost:5184/src/services/rssIngestion.js:178
[    8989ms] [LOG] [rss] success {mentorName: AI Andy, videosCount: 5, topicIds: Array(2)} @ http://localhost:5184/src/services/rssIngestion.js:328
[    9984ms] [LOG] [rss] fetching {channelName: Aimprove - אימפרוב, channelId: UCfnihhol5a4Qc2EciLf5kOQ, rssUrl: https://www.youtube.com/feeds/videos.xml?channel_id=UCfnihhol5a4Qc2EciLf5kOQ} @ http://localhost:5184/src/services/rssIngestion.js:146
[   10174ms] [LOG] [rss] success (proxy) {channelName: Aimprove - אימפרוב, channelId: UCfnihhol5a4Qc2EciLf5kOQ} @ http://localhost:5184/src/services/rssIngestion.js:178
[   10176ms] [LOG] [rss] success {mentorName: Aimprove - אימפרוב, videosCount: 5, topicIds: Array(1)} @ http://localhost:5184/src/services/rssIngestion.js:328
[   10971ms] [LOG] [rss] fetching {channelName: Eden Bibas, channelId: UCGFogLEUR_nuiT83pt8zVWQ, rssUrl: https://www.youtube.com/feeds/videos.xml?channel_id=UCGFogLEUR_nuiT83pt8zVWQ} @ http://localhost:5184/src/services/rssIngestion.js:146
[   11112ms] [LOG] [rss] success (proxy) {channelName: Eden Bibas, channelId: UCGFogLEUR_nuiT83pt8zVWQ} @ http://localhost:5184/src/services/rssIngestion.js:178
[   11113ms] [LOG] [rss] success {mentorName: Eden Bibas, videosCount: 5, topicIds: Array(2)} @ http://localhost:5184/src/services/rssIngestion.js:328
[   12336ms] [LOG] [rss] fetching {channelName: Ran Bar Zik, channelId: UCxPN-JU3DsKwDgn5sTetNUQ, rssUrl: https://www.youtube.com/feeds/videos.xml?channel_id=UCxPN-JU3DsKwDgn5sTetNUQ} @ http://localhost:5184/src/services/rssIngestion.js:146
[   12493ms] [LOG] [rss] success (proxy) {channelName: Ran Bar Zik, channelId: UCxPN-JU3DsKwDgn5sTetNUQ} @ http://localhost:5184/src/services/rssIngestion.js:178
[   12494ms] [LOG] [rss] success {mentorName: Ran Bar Zik, videosCount: 5, topicIds: Array(2)} @ http://localhost:5184/src/services/rssIngestion.js:328
[   13453ms] [INFO] [useVideos] local-first — 64 videos from storage @ http://localhost:5184/src/hooks/useVideos.js:23
