[     250ms] [INFO] %cDownload the React DevTools for a better development experience: https://reactjs.org/link/react-devtools font-weight:bold @ http://localhost:5175/node_modules/.vite/deps/chunk-SXRIVT2P.js?v=b40c77c2:21608
[     318ms] [WARNING] [useVideos] local-first — using mock data @ http://localhost:5175/src/hooks/useVideos.js:33
[     393ms] [LOG] [rss] fetching {channelName: Micha.Stocks, channelId: UCSxjNbPriyBh9RNl_QNSAtw, rssUrl: https://www.youtube.com/feeds/videos.xml?channel_id=UCSxjNbPriyBh9RNl_QNSAtw} @ http://localhost:5175/src/services/rssIngestion.js:146
[     531ms] [ERROR] Failed to load resource: the server responded with a status of 404 (Not Found) @ http://localhost:5175/favicon.ico:0
[     541ms] [LOG] [rss] success (proxy) {channelName: Micha.Stocks, channelId: UCSxjNbPriyBh9RNl_QNSAtw} @ http://localhost:5175/src/services/rssIngestion.js:178
[     544ms] [LOG] [rss] success {mentorName: Micha.Stocks, videosCount: 5, topicIds: Array(3)} @ http://localhost:5175/src/services/rssIngestion.js:328
[    1575ms] [LOG] [rss] fetching {channelName: בורסה גרף, channelId: UCrQmXSenNhePSOiCTdnhwRg, rssUrl: https://www.youtube.com/feeds/videos.xml?channel_id=UCrQmXSenNhePSOiCTdnhwRg} @ http://localhost:5175/src/services/rssIngestion.js:146
[    1587ms] [LOG] [rss] success (proxy) {channelName: בורסה גרף, channelId: UCrQmXSenNhePSOiCTdnhwRg} @ http://localhost:5175/src/services/rssIngestion.js:178
[    1588ms] [LOG] [rss] success {mentorName: בורסה גרף, videosCount: 5, topicIds: Array(2)} @ http://localhost:5175/src/services/rssIngestion.js:328
[    2600ms] [LOG] [rss] fetching {channelName: The Hasidic Trader, channelId: UCSB4SNRWhbemGAJ4wfeKj2Q, rssUrl: https://www.youtube.com/feeds/videos.xml?channel_id=UCSB4SNRWhbemGAJ4wfeKj2Q} @ http://localhost:5175/src/services/rssIngestion.js:146
[    2615ms] [LOG] [rss] success (proxy) {channelName: The Hasidic Trader, channelId: UCSB4SNRWhbemGAJ4wfeKj2Q} @ http://localhost:5175/src/services/rssIngestion.js:178
[    2616ms] [LOG] [rss] success {mentorName: The Hasidic Trader, videosCount: 5, topicIds: Array(2)} @ http://localhost:5175/src/services/rssIngestion.js:328
[    3470ms] [LOG] [rss] fetching {channelName: Oliver Velez Trading, channelId: UCmD96zZeKnYof2jO1ON6acA, rssUrl: https://www.youtube.com/feeds/videos.xml?channel_id=UCmD96zZeKnYof2jO1ON6acA} @ http://localhost:5175/src/services/rssIngestion.js:146
[    3485ms] [LOG] [rss] success (proxy) {channelName: Oliver Velez Trading, channelId: UCmD96zZeKnYof2jO1ON6acA} @ http://localhost:5175/src/services/rssIngestion.js:178
[    3486ms] [LOG] [rss] success {mentorName: Oliver Velez Trading, videosCount: 5, topicIds: Array(2)} @ http://localhost:5175/src/services/rssIngestion.js:328
[    4463ms] [LOG] [rss] fetching {channelName: Dor Amir Trading, channelId: UCSyPOk83lhOXoGcT2vUNhdw, rssUrl: https://www.youtube.com/feeds/videos.xml?channel_id=UCSyPOk83lhOXoGcT2vUNhdw} @ http://localhost:5175/src/services/rssIngestion.js:146
[    4478ms] [LOG] [rss] success (proxy) {channelName: Dor Amir Trading, channelId: UCSyPOk83lhOXoGcT2vUNhdw} @ http://localhost:5175/src/services/rssIngestion.js:178
[    4480ms] [LOG] [rss] success {mentorName: Dor Amir Trading, videosCount: 5, topicIds: Array(2)} @ http://localhost:5175/src/services/rssIngestion.js:328
[    5353ms] [LOG] [rss] fetching {channelName: Eyal Shani, channelId: UCNVcbJ6pxGEWGuoGopK83sQ, rssUrl: https://www.youtube.com/feeds/videos.xml?channel_id=UCNVcbJ6pxGEWGuoGopK83sQ} @ http://localhost:5175/src/services/rssIngestion.js:146
[    5369ms] [LOG] [rss] success (proxy) {channelName: Eyal Shani, channelId: UCNVcbJ6pxGEWGuoGopK83sQ} @ http://localhost:5175/src/services/rssIngestion.js:178
[    5369ms] [LOG] [rss] success {mentorName: Eyal Shani, videosCount: 4, topicIds: Array(2)} @ http://localhost:5175/src/services/rssIngestion.js:328
[    6242ms] [LOG] [rss] fetching {channelName: Wysetrade, channelId: UC32oVb-nfyRBNlWzUw3dC5Q, rssUrl: https://www.youtube.com/feeds/videos.xml?channel_id=UC32oVb-nfyRBNlWzUw3dC5Q} @ http://localhost:5175/src/services/rssIngestion.js:146
[    6254ms] [LOG] [rss] success (proxy) {channelName: Wysetrade, channelId: UC32oVb-nfyRBNlWzUw3dC5Q} @ http://localhost:5175/src/services/rssIngestion.js:178
[    6255ms] [LOG] [rss] success {mentorName: Wysetrade, videosCount: 5, topicIds: Array(2)} @ http://localhost:5175/src/services/rssIngestion.js:328
[    7493ms] [LOG] [rss] fetching {channelName: Ed Hill AI Automation, channelId: UC5_2We-HeVdEeHcIyfmMHOg, rssUrl: https://www.youtube.com/feeds/videos.xml?channel_id=UC5_2We-HeVdEeHcIyfmMHOg} @ http://localhost:5175/src/services/rssIngestion.js:146
[    7514ms] [LOG] [rss] success (proxy) {channelName: Ed Hill AI Automation, channelId: UC5_2We-HeVdEeHcIyfmMHOg} @ http://localhost:5175/src/services/rssIngestion.js:178
[    7515ms] [LOG] [rss] success {mentorName: Ed Hill AI Automation, videosCount: 5, topicIds: Array(2)} @ http://localhost:5175/src/services/rssIngestion.js:328
[    8487ms] [LOG] [rss] fetching {channelName: Automation-Tribe, channelId: UCFkwdS-osDYKdz4TCe7XIXA, rssUrl: https://www.youtube.com/feeds/videos.xml?channel_id=UCFkwdS-osDYKdz4TCe7XIXA} @ http://localhost:5175/src/services/rssIngestion.js:146
[    8501ms] [LOG] [rss] success (proxy) {channelName: Automation-Tribe, channelId: UCFkwdS-osDYKdz4TCe7XIXA} @ http://localhost:5175/src/services/rssIngestion.js:178
[    8501ms] [LOG] [rss] success {mentorName: Automation-Tribe, videosCount: 0, topicIds: Array(2)} @ http://localhost:5175/src/services/rssIngestion.js:328
[    8501ms] [LOG] [rss] fetching {channelName: AI Andy, channelId: UCCQfwUJOOBLF5R9xbFeIFcg, rssUrl: https://www.youtube.com/feeds/videos.xml?channel_id=UCCQfwUJOOBLF5R9xbFeIFcg} @ http://localhost:5175/src/services/rssIngestion.js:146
[    8522ms] [LOG] [rss] success (proxy) {channelName: AI Andy, channelId: UCCQfwUJOOBLF5R9xbFeIFcg} @ http://localhost:5175/src/services/rssIngestion.js:178
[    8523ms] [LOG] [rss] success {mentorName: AI Andy, videosCount: 5, topicIds: Array(2)} @ http://localhost:5175/src/services/rssIngestion.js:328
[    9451ms] [LOG] [rss] fetching {channelName: Aimprove - אימפרוב, channelId: UCfnihhol5a4Qc2EciLf5kOQ, rssUrl: https://www.youtube.com/feeds/videos.xml?channel_id=UCfnihhol5a4Qc2EciLf5kOQ} @ http://localhost:5175/src/services/rssIngestion.js:146
[    9468ms] [LOG] [rss] success (proxy) {channelName: Aimprove - אימפרוב, channelId: UCfnihhol5a4Qc2EciLf5kOQ} @ http://localhost:5175/src/services/rssIngestion.js:178
[    9470ms] [LOG] [rss] success {mentorName: Aimprove - אימפרוב, videosCount: 5, topicIds: Array(1)} @ http://localhost:5175/src/services/rssIngestion.js:328
[   10602ms] [LOG] [rss] fetching {channelName: Eden Bibas, channelId: UCGFogLEUR_nuiT83pt8zVWQ, rssUrl: https://www.youtube.com/feeds/videos.xml?channel_id=UCGFogLEUR_nuiT83pt8zVWQ} @ http://localhost:5175/src/services/rssIngestion.js:146
[   10622ms] [LOG] [rss] success (proxy) {channelName: Eden Bibas, channelId: UCGFogLEUR_nuiT83pt8zVWQ} @ http://localhost:5175/src/services/rssIngestion.js:178
[   10623ms] [LOG] [rss] success {mentorName: Eden Bibas, videosCount: 5, topicIds: Array(2)} @ http://localhost:5175/src/services/rssIngestion.js:328
[   11613ms] [LOG] [rss] fetching {channelName: Base44 Community, channelId: UC9wNu-y7T3vZMq5SA441i8g, rssUrl: https://www.youtube.com/feeds/videos.xml?channel_id=UC9wNu-y7T3vZMq5SA441i8g} @ http://localhost:5175/src/services/rssIngestion.js:146
[   11633ms] [LOG] [rss] success (proxy) {channelName: Base44 Community, channelId: UC9wNu-y7T3vZMq5SA441i8g} @ http://localhost:5175/src/services/rssIngestion.js:178
[   11633ms] [LOG] [rss] success {mentorName: Base44 Community, videosCount: 0, topicIds: Array(2)} @ http://localhost:5175/src/services/rssIngestion.js:328
[   11633ms] [LOG] [rss] fetching {channelName: Ran Bar Zik, channelId: UCxPN-JU3DsKwDgn5sTetNUQ, rssUrl: https://www.youtube.com/feeds/videos.xml?channel_id=UCxPN-JU3DsKwDgn5sTetNUQ} @ http://localhost:5175/src/services/rssIngestion.js:146
[   11652ms] [LOG] [rss] success (proxy) {channelName: Ran Bar Zik, channelId: UCxPN-JU3DsKwDgn5sTetNUQ} @ http://localhost:5175/src/services/rssIngestion.js:178
[   11653ms] [LOG] [rss] success {mentorName: Ran Bar Zik, videosCount: 5, topicIds: Array(2)} @ http://localhost:5175/src/services/rssIngestion.js:328
[   76005ms] [LOG] [chapter-source] videoId v_m1_1 @ http://localhost:5175/src/services/videoAnalytics.js:852
[   76005ms] [LOG] [chapter-source] transcript usable false @ http://localhost:5175/src/services/videoAnalytics.js:853
[   76005ms] [LOG] [chapter-source] description chapters 0 @ http://localhost:5175/src/services/videoAnalytics.js:854
[   76005ms] [LOG] [chapter-source] duration fallback 1155 @ http://localhost:5175/src/services/videoAnalytics.js:855
[   76005ms] [LOG] [chapter-source] selected source none @ http://localhost:5175/src/services/videoAnalytics.js:885
[  221817ms] [INFO] [useVideos] local-first — 59 videos from storage @ http://localhost:5175/src/hooks/useVideos.js:23
[ 1121724ms] [ERROR] Failed to load resource: the server responded with a status of 500 (Internal Server Error) @ http://localhost:5175/src/pages/KnowledgeLibrary.jsx?t=1778404016886:0
[ 1121724ms] [ERROR] [vite] Failed to reload /src/pages/KnowledgeLibrary.jsx. This could be due to syntax errors or importing non-existent modules. (see errors above) @ http://localhost:5175/@vite/client:881
[ 2078007ms] [INFO] [useVideos] local-first — 59 videos from storage @ http://localhost:5175/src/hooks/useVideos.js:23
