[     155ms] [INFO] %cDownload the React DevTools for a better development experience: https://reactjs.org/link/react-devtools font-weight:bold @ http://localhost:5174/node_modules/.vite/deps/chunk-H343HIDT.js?v=d8fecc39:21608
[     232ms] [INFO] [useVideos] local-first — 62 videos from storage @ http://localhost:5174/src/hooks/useVideos.js:23
[     387ms] [LOG] [rss] fetching {channelName: Micha.Stocks, channelId: UCSxjNbPriyBh9RNl_QNSAtw, rssUrl: https://www.youtube.com/feeds/videos.xml?channel_id=UCSxjNbPriyBh9RNl_QNSAtw} @ http://localhost:5174/src/services/rssIngestion.js:146
[     652ms] [ERROR] Failed to load resource: the server responded with a status of 404 (Not Found) @ http://localhost:5174/favicon.ico:0
[     654ms] [LOG] [rss] success (proxy) {channelName: Micha.Stocks, channelId: UCSxjNbPriyBh9RNl_QNSAtw} @ http://localhost:5174/src/services/rssIngestion.js:178
[     656ms] [LOG] [rss] success {mentorName: Micha.Stocks, videosCount: 5, topicIds: Array(3)} @ http://localhost:5174/src/services/rssIngestion.js:328
[    2009ms] [LOG] [rss] fetching {channelName: בורסה גרף, channelId: UCrQmXSenNhePSOiCTdnhwRg, rssUrl: https://www.youtube.com/feeds/videos.xml?channel_id=UCrQmXSenNhePSOiCTdnhwRg} @ http://localhost:5174/src/services/rssIngestion.js:146
[    2010ms] [LOG] [rss] success (proxy) {channelName: בורסה גרף, channelId: UCrQmXSenNhePSOiCTdnhwRg} @ http://localhost:5174/src/services/rssIngestion.js:178
[    2011ms] [LOG] [rss] success {mentorName: בורסה גרף, videosCount: 5, topicIds: Array(2)} @ http://localhost:5174/src/services/rssIngestion.js:328
[    2764ms] [LOG] [rss] fetching {channelName: The Hasidic Trader, channelId: UCSB4SNRWhbemGAJ4wfeKj2Q, rssUrl: https://www.youtube.com/feeds/videos.xml?channel_id=UCSB4SNRWhbemGAJ4wfeKj2Q} @ http://localhost:5174/src/services/rssIngestion.js:146
[    2766ms] [LOG] [rss] success (proxy) {channelName: The Hasidic Trader, channelId: UCSB4SNRWhbemGAJ4wfeKj2Q} @ http://localhost:5174/src/services/rssIngestion.js:178
[    2767ms] [LOG] [rss] success {mentorName: The Hasidic Trader, videosCount: 5, topicIds: Array(2)} @ http://localhost:5174/src/services/rssIngestion.js:328
[    3704ms] [LOG] [rss] fetching {channelName: Oliver Velez Trading, channelId: UCmD96zZeKnYof2jO1ON6acA, rssUrl: https://www.youtube.com/feeds/videos.xml?channel_id=UCmD96zZeKnYof2jO1ON6acA} @ http://localhost:5174/src/services/rssIngestion.js:146
[    3706ms] [LOG] [rss] success (proxy) {channelName: Oliver Velez Trading, channelId: UCmD96zZeKnYof2jO1ON6acA} @ http://localhost:5174/src/services/rssIngestion.js:178
[    3707ms] [LOG] [rss] success {mentorName: Oliver Velez Trading, videosCount: 5, topicIds: Array(2)} @ http://localhost:5174/src/services/rssIngestion.js:328
[    4796ms] [LOG] [rss] fetching {channelName: Dor Amir Trading, channelId: UCSyPOk83lhOXoGcT2vUNhdw, rssUrl: https://www.youtube.com/feeds/videos.xml?channel_id=UCSyPOk83lhOXoGcT2vUNhdw} @ http://localhost:5174/src/services/rssIngestion.js:146
[    4811ms] [LOG] [rss] success (proxy) {channelName: Dor Amir Trading, channelId: UCSyPOk83lhOXoGcT2vUNhdw} @ http://localhost:5174/src/services/rssIngestion.js:178
[    4812ms] [LOG] [rss] success {mentorName: Dor Amir Trading, videosCount: 5, topicIds: Array(2)} @ http://localhost:5174/src/services/rssIngestion.js:328
[    6461ms] [LOG] [rss] fetching {channelName: Eyal Shani, channelId: UCNVcbJ6pxGEWGuoGopK83sQ, rssUrl: https://www.youtube.com/feeds/videos.xml?channel_id=UCNVcbJ6pxGEWGuoGopK83sQ} @ http://localhost:5174/src/services/rssIngestion.js:146
[    6584ms] [LOG] [rss] success (proxy) {channelName: Eyal Shani, channelId: UCNVcbJ6pxGEWGuoGopK83sQ} @ http://localhost:5174/src/services/rssIngestion.js:178
[    6584ms] [LOG] [rss] success {mentorName: Eyal Shani, videosCount: 4, topicIds: Array(2)} @ http://localhost:5174/src/services/rssIngestion.js:328
[    7281ms] [LOG] [rss] fetching {channelName: Wysetrade, channelId: UC32oVb-nfyRBNlWzUw3dC5Q, rssUrl: https://www.youtube.com/feeds/videos.xml?channel_id=UC32oVb-nfyRBNlWzUw3dC5Q} @ http://localhost:5174/src/services/rssIngestion.js:146
[    7535ms] [LOG] [rss] success (proxy) {channelName: Wysetrade, channelId: UC32oVb-nfyRBNlWzUw3dC5Q} @ http://localhost:5174/src/services/rssIngestion.js:178
[    7536ms] [LOG] [rss] success {mentorName: Wysetrade, videosCount: 5, topicIds: Array(2)} @ http://localhost:5174/src/services/rssIngestion.js:328
[    8333ms] [LOG] [rss] fetching {channelName: Ed Hill AI Automation, channelId: UC5_2We-HeVdEeHcIyfmMHOg, rssUrl: https://www.youtube.com/feeds/videos.xml?channel_id=UC5_2We-HeVdEeHcIyfmMHOg} @ http://localhost:5174/src/services/rssIngestion.js:146
[    8443ms] [LOG] [rss] success (proxy) {channelName: Ed Hill AI Automation, channelId: UC5_2We-HeVdEeHcIyfmMHOg} @ http://localhost:5174/src/services/rssIngestion.js:178
[    8444ms] [LOG] [rss] success {mentorName: Ed Hill AI Automation, videosCount: 5, topicIds: Array(2)} @ http://localhost:5174/src/services/rssIngestion.js:328
[    9417ms] [LOG] [rss] fetching {channelName: Automation-Tribe, channelId: UCFkwdS-osDYKdz4TCe7XIXA, rssUrl: https://www.youtube.com/feeds/videos.xml?channel_id=UCFkwdS-osDYKdz4TCe7XIXA} @ http://localhost:5174/src/services/rssIngestion.js:146
[    9512ms] [LOG] [rss] success (proxy) {channelName: Automation-Tribe, channelId: UCFkwdS-osDYKdz4TCe7XIXA} @ http://localhost:5174/src/services/rssIngestion.js:178
[    9512ms] [LOG] [rss] success {mentorName: Automation-Tribe, videosCount: 0, topicIds: Array(2)} @ http://localhost:5174/src/services/rssIngestion.js:328
[    9513ms] [LOG] [rss] fetching {channelName: AI Andy, channelId: UCCQfwUJOOBLF5R9xbFeIFcg, rssUrl: https://www.youtube.com/feeds/videos.xml?channel_id=UCCQfwUJOOBLF5R9xbFeIFcg} @ http://localhost:5174/src/services/rssIngestion.js:146
[    9833ms] [LOG] [rss] success (proxy) {channelName: AI Andy, channelId: UCCQfwUJOOBLF5R9xbFeIFcg} @ http://localhost:5174/src/services/rssIngestion.js:178
[    9834ms] [LOG] [rss] success {mentorName: AI Andy, videosCount: 5, topicIds: Array(2)} @ http://localhost:5174/src/services/rssIngestion.js:328
[   10574ms] [LOG] [rss] fetching {channelName: Aimprove - אימפרוב, channelId: UCfnihhol5a4Qc2EciLf5kOQ, rssUrl: https://www.youtube.com/feeds/videos.xml?channel_id=UCfnihhol5a4Qc2EciLf5kOQ} @ http://localhost:5174/src/services/rssIngestion.js:146
[   10710ms] [LOG] [rss] success (proxy) {channelName: Aimprove - אימפרוב, channelId: UCfnihhol5a4Qc2EciLf5kOQ} @ http://localhost:5174/src/services/rssIngestion.js:178
[   10712ms] [LOG] [rss] success {mentorName: Aimprove - אימפרוב, videosCount: 5, topicIds: Array(1)} @ http://localhost:5174/src/services/rssIngestion.js:328
[   11512ms] [LOG] [rss] fetching {channelName: Eden Bibas, channelId: UCGFogLEUR_nuiT83pt8zVWQ, rssUrl: https://www.youtube.com/feeds/videos.xml?channel_id=UCGFogLEUR_nuiT83pt8zVWQ} @ http://localhost:5174/src/services/rssIngestion.js:146
[   11668ms] [LOG] [rss] success (proxy) {channelName: Eden Bibas, channelId: UCGFogLEUR_nuiT83pt8zVWQ} @ http://localhost:5174/src/services/rssIngestion.js:178
[   11669ms] [LOG] [rss] success {mentorName: Eden Bibas, videosCount: 5, topicIds: Array(2)} @ http://localhost:5174/src/services/rssIngestion.js:328
[   12361ms] [LOG] [rss] fetching {channelName: Base44 Community, channelId: UC9wNu-y7T3vZMq5SA441i8g, rssUrl: https://www.youtube.com/feeds/videos.xml?channel_id=UC9wNu-y7T3vZMq5SA441i8g} @ http://localhost:5174/src/services/rssIngestion.js:146
[   12465ms] [LOG] [rss] success (proxy) {channelName: Base44 Community, channelId: UC9wNu-y7T3vZMq5SA441i8g} @ http://localhost:5174/src/services/rssIngestion.js:178
[   12465ms] [LOG] [rss] success {mentorName: Base44 Community, videosCount: 0, topicIds: Array(2)} @ http://localhost:5174/src/services/rssIngestion.js:328
[   12465ms] [LOG] [rss] fetching {channelName: Ran Bar Zik, channelId: UCxPN-JU3DsKwDgn5sTetNUQ, rssUrl: https://www.youtube.com/feeds/videos.xml?channel_id=UCxPN-JU3DsKwDgn5sTetNUQ} @ http://localhost:5174/src/services/rssIngestion.js:146
[   12734ms] [LOG] [rss] success (proxy) {channelName: Ran Bar Zik, channelId: UCxPN-JU3DsKwDgn5sTetNUQ} @ http://localhost:5174/src/services/rssIngestion.js:178
[   12735ms] [LOG] [rss] success {mentorName: Ran Bar Zik, videosCount: 5, topicIds: Array(2)} @ http://localhost:5174/src/services/rssIngestion.js:328
[   13528ms] [INFO] [useVideos] local-first — 62 videos from storage @ http://localhost:5174/src/hooks/useVideos.js:23
